Log file open, 04/05/18 21:08:37
LogWindows: Failed to load 'aqProf.dll' (GetLastError=126)
LogWindows: File 'aqProf.dll' does not exist
LogWindows: Failed to load 'VtuneApi.dll' (GetLastError=126)
LogWindows: File 'VtuneApi.dll' does not exist
LogWindows: Failed to load 'VtuneApi32e.dll' (GetLastError=126)
LogWindows: File 'VtuneApi32e.dll' does not exist
LogInit: Display: Running engine for game: TopDownRPG
LogPlatformFile: Not using cached read wrapper
LogInit: Display: RandInit(571712118) SRandInit(571712118).
LogInit: Read version file with build ID '3944462'
LogInit: Overriding engine version to CL 3944462, compatible CL 3944462
LogInit: Registered custom module enumerator with build ID '3944462'
LogTaskGraph: Started task graph with 5 named threads and 23 total threads with 3 sets of task threads.
LogStats: Stats thread started at 0.249483
LogD3D11RHI: Aftermath initialized
LogICUInternationalization: Display: ICU TimeZone Detection - Raw Offset: -7:00, Platform Override: ''
LogModuleManager: Display: Found up-to-date module file ../../../Engine/Plugins/2D/Paper2D/Binaries/Win64/UE4Editor-Paper2D.dll (API version 3944462).
LogModuleManager: Display: Found up-to-date module file ../../../Engine/Plugins/2D/Paper2D/Binaries/Win64/UE4Editor-Paper2DEditor.dll (API version 3944462).
LogModuleManager: Display: Found up-to-date module file ../../../Engine/Plugins/2D/Paper2D/Binaries/Win64/UE4Editor-PaperSpriteSheetImporter.dll (API version 3944462).
LogModuleManager: Display: Found up-to-date module file ../../../Engine/Plugins/2D/Paper2D/Binaries/Win64/UE4Editor-PaperTiledImporter.dll (API version 3944462).
LogModuleManager: Display: Found up-to-date module file ../../../Engine/Plugins/2D/Paper2D/Binaries/Win64/UE4Editor-SmartSnapping.dll (API version 3944462).
LogModuleManager: Display: Found up-to-date module file ../../../Engine/Plugins/Blendables/LightPropagationVolume/Binaries/Win64/UE4Editor-LightPropagationVolumeRuntime.dll (API version 3944462).
LogModuleManager: Display: Found up-to-date module file ../../../Engine/Plugins/Blendables/LightPropagationVolume/Binaries/Win64/UE4Editor-LightPropagationVolumeEditor.dll (API version 3944462).
LogModuleManager: Display: Found up-to-date module file ../../../Engine/Plugins/Developer/CLionSourceCodeAccess/Binaries/Win64/UE4Editor-CLionSourceCodeAccess.dll (API version 3944462).
LogModuleManager: Display: Found up-to-date module file ../../../Engine/Plugins/Developer/GitSourceControl/Binaries/Win64/UE4Editor-GitSourceControl.dll (API version 3944462).
LogModuleManager: Display: Found up-to-date module file ../../../Engine/Plugins/Developer/PerforceSourceControl/Binaries/Win64/UE4Editor-PerforceSourceControl.dll (API version 3944462).
LogModuleManager: Display: Found up-to-date module file ../../../Engine/Plugins/Developer/SubversionSourceControl/Binaries/Win64/UE4Editor-SubversionSourceControl.dll (API version 3944462).
LogModuleManager: Display: Found up-to-date module file ../../../Engine/Plugins/Developer/UObjectPlugin/Binaries/Win64/UE4Editor-UObjectPlugin.dll (API version 3944462).
LogModuleManager: Display: Found up-to-date module file ../../../Engine/Plugins/Developer/VisualStudioCodeSourceCodeAccess/Binaries/Win64/UE4Editor-VisualStudioCodeSourceCodeAccess.dll (API version 3944462).
LogModuleManager: Display: Found up-to-date module file ../../../Engine/Plugins/Developer/VisualStudioSourceCodeAccess/Binaries/Win64/UE4Editor-VisualStudioSourceCodeAccess.dll (API version 3944462).
LogModuleManager: Display: Found up-to-date module file ../../../Engine/Plugins/Editor/AssetManagerEditor/Binaries/Win64/UE4Editor-AssetManagerEditor.dll (API version 3944462).
LogModuleManager: Display: Found up-to-date module file ../../../Engine/Plugins/Editor/CryptoKeys/Binaries/Win64/UE4Editor-CryptoKeys.dll (API version 3944462).
LogModuleManager: Display: Found up-to-date module file ../../../Engine/Plugins/Editor/CryptoKeys/Binaries/Win64/UE4Editor-CryptoKeysOpenSSL.dll (API version 3944462).
LogModuleManager: Display: Found up-to-date module file ../../../Engine/Plugins/Editor/DataValidation/Binaries/Win64/UE4Editor-DataValidation.dll (API version 3944462).
LogModuleManager: Display: Found up-to-date module file ../../../Engine/Plugins/Editor/FacialAnimation/Binaries/Win64/UE4Editor-FacialAnimation.dll (API version 3944462).
LogModuleManager: Display: Found up-to-date module file ../../../Engine/Plugins/Editor/FacialAnimation/Binaries/Win64/UE4Editor-FacialAnimationEditor.dll (API version 3944462).
LogModuleManager: Display: Found up-to-date module file ../../../Engine/Plugins/Editor/GameplayTagsEditor/Binaries/Win64/UE4Editor-GameplayTagsEditor.dll (API version 3944462).
LogModuleManager: Display: Found up-to-date module file ../../../Engine/Plugins/Editor/MobileLauncherProfileWizard/Binaries/Win64/UE4Editor-MobileLauncherProfileWizard.dll (API version 3944462).
LogModuleManager: Display: Found up-to-date module file ../../../Engine/Plugins/Editor/PluginBrowser/Binaries/Win64/UE4Editor-PluginBrowser.dll (API version 3944462).
LogModuleManager: Display: Found up-to-date module file ../../../Engine/Plugins/Editor/SpeedTreeImporter/Binaries/Win64/UE4Editor-SpeedTreeImporter.dll (API version 3944462).
LogModuleManager: Display: Found up-to-date module file ../../../Engine/Plugins/Enterprise/DatasmithContent/Binaries/Win64/UE4Editor-DatasmithContent.dll (API version 3944462).
LogModuleManager: Display: Found up-to-date module file ../../../Engine/Plugins/Experimental/AlembicImporter/Binaries/Win64/UE4Editor-AlembicImporter.dll (API version 3944462).
LogModuleManager: Display: Found up-to-date module file ../../../Engine/Plugins/Experimental/AlembicImporter/Binaries/Win64/UE4Editor-AlembicLibrary.dll (API version 3944462).
LogModuleManager: Display: Found up-to-date module file ../../../Engine/Plugins/Experimental/CharacterAI/Binaries/Win64/UE4Editor-CharacterAI.dll (API version 3944462).
LogModuleManager: Display: Found up-to-date module file ../../../Engine/Plugins/Experimental/HTML5Networking/Binaries/Win64/UE4Editor-HTML5Networking.dll (API version 3944462).
LogModuleManager: Display: Found up-to-date module file ../../../Engine/Plugins/Media/AndroidMedia/Binaries/Win64/UE4Editor-AndroidMediaEditor.dll (API version 3944462).
LogModuleManager: Display: Found up-to-date module file ../../../Engine/Plugins/Media/AndroidMedia/Binaries/Win64/UE4Editor-AndroidMediaFactory.dll (API version 3944462).
LogModuleManager: Display: Found up-to-date module file ../../../Engine/Plugins/Media/AvfMedia/Binaries/Win64/UE4Editor-AvfMediaEditor.dll (API version 3944462).
LogModuleManager: Display: Found up-to-date module file ../../../Engine/Plugins/Media/AvfMedia/Binaries/Win64/UE4Editor-AvfMediaFactory.dll (API version 3944462).
LogModuleManager: Display: Found up-to-date module file ../../../Engine/Plugins/Media/AvfMedia/Binaries/Win64/UE4Editor-AvfMediaFactory.dll (API version 3944462).
LogModuleManager: Display: Found up-to-date module file ../../../Engine/Plugins/Media/ImgMedia/Binaries/Win64/UE4Editor-ImgMedia.dll (API version 3944462).
LogModuleManager: Display: Found up-to-date module file ../../../Engine/Plugins/Media/ImgMedia/Binaries/Win64/UE4Editor-ImgMediaEditor.dll (API version 3944462).
LogModuleManager: Display: Found up-to-date module file ../../../Engine/Plugins/Media/ImgMedia/Binaries/Win64/UE4Editor-ImgMediaFactory.dll (API version 3944462).
LogModuleManager: Display: Found up-to-date module file ../../../Engine/Plugins/Media/ImgMedia/Binaries/Win64/UE4Editor-ImgMediaFactory.dll (API version 3944462).
LogModuleManager: Display: Found up-to-date module file ../../../Engine/Plugins/Media/ImgMedia/Binaries/Win64/UE4Editor-OpenExrWrapper.dll (API version 3944462).
LogModuleManager: Display: Found up-to-date module file ../../../Engine/Plugins/Media/LinearTimecode/Binaries/Win64/UE4Editor-LinearTimecode.dll (API version 3944462).
LogModuleManager: Display: Found up-to-date module file ../../../Engine/Plugins/Media/MediaCompositing/Binaries/Win64/UE4Editor-MediaCompositing.dll (API version 3944462).
LogModuleManager: Display: Found up-to-date module file ../../../Engine/Plugins/Media/MediaCompositing/Binaries/Win64/UE4Editor-MediaCompositingEditor.dll (API version 3944462).
LogModuleManager: Display: Found up-to-date module file ../../../Engine/Plugins/Media/MediaPlayerEditor/Binaries/Win64/UE4Editor-MediaPlayerEditor.dll (API version 3944462).
LogModuleManager: Display: Found up-to-date module file ../../../Engine/Plugins/Media/WmfMedia/Binaries/Win64/UE4Editor-WmfMedia.dll (API version 3944462).
LogModuleManager: Display: Found up-to-date module file ../../../Engine/Plugins/Media/WmfMedia/Binaries/Win64/UE4Editor-WmfMediaEditor.dll (API version 3944462).
LogModuleManager: Display: Found up-to-date module file ../../../Engine/Plugins/Media/WmfMedia/Binaries/Win64/UE4Editor-WmfMediaFactory.dll (API version 3944462).
LogModuleManager: Display: Found up-to-date module file ../../../Engine/Plugins/Media/WmfMedia/Binaries/Win64/UE4Editor-WmfMediaFactory.dll (API version 3944462).
LogModuleManager: Display: Found up-to-date module file ../../../Engine/Plugins/Messaging/TcpMessaging/Binaries/Win64/UE4Editor-TcpMessaging.dll (API version 3944462).
LogModuleManager: Display: Found up-to-date module file ../../../Engine/Plugins/Messaging/UdpMessaging/Binaries/Win64/UE4Editor-UdpMessaging.dll (API version 3944462).
LogModuleManager: Display: Found up-to-date module file ../../../Engine/Plugins/MovieScene/ActorSequence/Binaries/Win64/UE4Editor-ActorSequence.dll (API version 3944462).
LogModuleManager: Display: Found up-to-date module file ../../../Engine/Plugins/MovieScene/LevelSequenceEditor/Binaries/Win64/UE4Editor-LevelSequenceEditor.dll (API version 3944462).
LogModuleManager: Display: Found up-to-date module file ../../../Engine/Plugins/MovieScene/MatineeToLevelSequence/Binaries/Win64/UE4Editor-MatineeToLevelSequence.dll (API version 3944462).
LogModuleManager: Display: Found up-to-date module file ../../../Engine/Plugins/NetcodeUnitTest/NetcodeUnitTest/Binaries/Win64/UE4Editor-NetcodeUnitTest.dll (API version 3944462).
LogModuleManager: Display: Found up-to-date module file ../../../Engine/Plugins/NetcodeUnitTest/NUTUnrealEngine4/Binaries/Win64/UE4Editor-NUTUnrealEngine4.dll (API version 3944462).
LogModuleManager: Display: Found up-to-date module file ../../../Engine/Plugins/Online/OnlineSubsystem/Binaries/Win64/UE4Editor-OnlineSubsystem.dll (API version 3944462).
LogModuleManager: Display: Found up-to-date module file ../../../Engine/Plugins/Runtime/AndroidPermission/Binaries/Win64/UE4Editor-AndroidPermission.dll (API version 3944462).
LogModuleManager: Display: Found up-to-date module file ../../../Engine/Plugins/Online/OnlineSubsystemNull/Binaries/Win64/UE4Editor-OnlineSubsystemNull.dll (API version 3944462).
LogModuleManager: Display: Found up-to-date module file ../../../Engine/Plugins/Online/OnlineSubsystemUtils/Binaries/Win64/UE4Editor-OnlineSubsystemUtils.dll (API version 3944462).
LogModuleManager: Display: Found up-to-date module file ../../../Engine/Plugins/Online/OnlineSubsystemUtils/Binaries/Win64/UE4Editor-OnlineBlueprintSupport.dll (API version 3944462).
LogModuleManager: Display: Found up-to-date module file ../../../Engine/Plugins/Runtime/AndroidDeviceProfileSelector/Binaries/Win64/UE4Editor-AndroidDeviceProfileSelector.dll (API version 3944462).
LogModuleManager: Display: Found up-to-date module file ../../../Engine/Plugins/Runtime/AppleARKit/Binaries/Win64/UE4Editor-AppleARKit.dll (API version 3944462).
LogModuleManager: Display: Found up-to-date module file ../../../Engine/Plugins/Runtime/ProceduralMeshComponent/Binaries/Win64/UE4Editor-ProceduralMeshComponent.dll (API version 3944462).
LogModuleManager: Display: Found up-to-date module file ../../../Engine/Plugins/Runtime/ProceduralMeshComponent/Binaries/Win64/UE4Editor-ProceduralMeshComponentEditor.dll (API version 3944462).
LogModuleManager: Display: Found up-to-date module file ../../../Engine/Plugins/Animation/LiveLink/Binaries/Win64/UE4Editor-LiveLink.dll (API version 3944462).
LogModuleManager: Display: Found up-to-date module file ../../../Engine/Plugins/Animation/LiveLink/Binaries/Win64/UE4Editor-LiveLinkEditor.dll (API version 3944462).
LogModuleManager: Display: Found up-to-date module file ../../../Engine/Plugins/Runtime/ArchVisCharacter/Binaries/Win64/UE4Editor-ArchVisCharacter.dll (API version 3944462).
LogModuleManager: Display: Found up-to-date module file ../../../Engine/Plugins/Runtime/AudioCapture/Binaries/Win64/UE4Editor-AudioCapture.dll (API version 3944462).
LogModuleManager: Display: Found up-to-date module file ../../../Engine/Plugins/Runtime/AudioCapture/Binaries/Win64/UE4Editor-AudioCaptureEditor.dll (API version 3944462).
LogModuleManager: Display: Found up-to-date module file ../../../Engine/Plugins/Runtime/CableComponent/Binaries/Win64/UE4Editor-CableComponent.dll (API version 3944462).
LogModuleManager: Display: Found up-to-date module file ../../../Engine/Plugins/Runtime/CustomMeshComponent/Binaries/Win64/UE4Editor-CustomMeshComponent.dll (API version 3944462).
LogModuleManager: Display: Found up-to-date module file ../../../Engine/Plugins/Runtime/ExampleDeviceProfileSelector/Binaries/Win64/UE4Editor-ExampleDeviceProfileSelector.dll (API version 3944462).
LogModuleManager: Display: Found up-to-date module file ../../../Engine/Plugins/Runtime/ImmediatePhysics/Binaries/Win64/UE4Editor-ImmediatePhysics.dll (API version 3944462).
LogModuleManager: Display: Found up-to-date module file ../../../Engine/Plugins/Runtime/ImmediatePhysics/Binaries/Win64/UE4Editor-ImmediatePhysicsEditor.dll (API version 3944462).
LogModuleManager: Display: Found up-to-date module file ../../../Engine/Plugins/Runtime/LocationServicesBPLibrary/Binaries/Win64/UE4Editor-LocationServicesBPLibrary.dll (API version 3944462).
LogModuleManager: Display: Found up-to-date module file ../../../Engine/Plugins/Runtime/MobilePatchingUtils/Binaries/Win64/UE4Editor-MobilePatchingUtils.dll (API version 3944462).
LogModuleManager: Display: Found up-to-date module file ../../../Engine/Plugins/Runtime/Oculus/OculusVR/Binaries/Win64/UE4Editor-OculusHMD.dll (API version 3944462).
LogModuleManager: Display: Found up-to-date module file ../../../Engine/Plugins/Runtime/Oculus/OculusVR/Binaries/Win64/UE4Editor-OculusInput.dll (API version 3944462).
LogModuleManager: Display: Found up-to-date module file ../../../Engine/Plugins/Runtime/Oculus/OculusVR/Binaries/Win64/UE4Editor-OculusEditor.dll (API version 3944462).
LogModuleManager: Display: Found up-to-date module file ../../../Engine/Plugins/Runtime/PhysXVehicles/Binaries/Win64/UE4Editor-PhysXVehicles.dll (API version 3944462).
LogModuleManager: Display: Found up-to-date module file ../../../Engine/Plugins/Runtime/PhysXVehicles/Binaries/Win64/UE4Editor-PhysXVehiclesEditor.dll (API version 3944462).
LogModuleManager: Display: Found up-to-date module file ../../../Engine/Plugins/Runtime/RuntimePhysXCooking/Binaries/Win64/UE4Editor-RuntimePhysXCooking.dll (API version 3944462).
LogModuleManager: Display: Found up-to-date module file ../../../Engine/Plugins/Runtime/Steam/SteamVR/Binaries/Win64/UE4Editor-SteamVR.dll (API version 3944462).
LogModuleManager: Display: Found up-to-date module file ../../../Engine/Plugins/Runtime/Steam/SteamVR/Binaries/Win64/UE4Editor-SteamVRController.dll (API version 3944462).
LogModuleManager: Display: Found up-to-date module file ../../../Engine/Plugins/Runtime/WindowsMoviePlayer/Binaries/Win64/UE4Editor-WindowsMoviePlayer.dll (API version 3944462).
LogPluginManager: Mounting plugin Paper2D
LogPluginManager: Mounting plugin LiveLink
LogPluginManager: Mounting plugin LightPropagationVolume
LogPluginManager: Mounting plugin CLionSourceCodeAccess
LogPluginManager: Mounting plugin CodeLiteSourceCodeAccess
LogPluginManager: Mounting plugin GitSourceControl
LogPluginManager: Mounting plugin KDevelopSourceCodeAccess
LogPluginManager: Mounting plugin NullSourceCodeAccess
LogPluginManager: Mounting plugin PerforceSourceControl
LogPluginManager: Mounting plugin SubversionSourceControl
LogPluginManager: Mounting plugin UObjectPlugin
LogPluginManager: Mounting plugin VisualStudioCodeSourceCodeAccess
LogPluginManager: Mounting plugin VisualStudioSourceCodeAccess
LogPluginManager: Mounting plugin XCodeSourceCodeAccess
LogPluginManager: Mounting plugin AssetManagerEditor
LogPluginManager: Mounting plugin CryptoKeys
LogPluginManager: Mounting plugin DataValidation
LogPluginManager: Mounting plugin FacialAnimation
LogPluginManager: Mounting plugin GameplayTagsEditor
LogPluginManager: Mounting plugin MobileLauncherProfileWizard
LogPluginManager: Mounting plugin PluginBrowser
LogPluginManager: Mounting plugin SpeedTreeImporter
LogPluginManager: Mounting plugin DatasmithContent
LogPluginManager: Mounting plugin AlembicImporter
LogPluginManager: Mounting plugin CharacterAI
LogPluginManager: Mounting plugin HTML5Networking
LogPluginManager: Mounting plugin AndroidMedia
LogPluginManager: Mounting plugin AvfMedia
LogPluginManager: Mounting plugin ImgMedia
LogPluginManager: Mounting plugin LinearTimecode
LogPluginManager: Mounting plugin MediaCompositing
LogPluginManager: Mounting plugin MediaPlayerEditor
LogPluginManager: Mounting plugin WmfMedia
LogPluginManager: Mounting plugin TcpMessaging
LogPluginManager: Mounting plugin UdpMessaging
LogPluginManager: Mounting plugin ActorSequence
LogPluginManager: Mounting plugin LevelSequenceEditor
LogPluginManager: Mounting plugin MatineeToLevelSequence
LogPluginManager: Mounting plugin NetcodeUnitTest
LogPluginManager: Mounting plugin NUTUnrealEngine4
LogPluginManager: Mounting plugin OnlineSubsystemGooglePlay
LogPluginManager: Mounting plugin OnlineSubsystemIOS
LogPluginManager: Mounting plugin OnlineSubsystem
LogPluginManager: Mounting plugin OnlineSubsystemNull
LogPluginManager: Mounting plugin OnlineSubsystemUtils
LogPluginManager: Mounting plugin AndroidDeviceProfileSelector
LogPluginManager: Mounting plugin AndroidMoviePlayer
LogPluginManager: Mounting plugin AndroidPermission
LogPluginManager: Mounting plugin AppleARKit
LogPluginManager: Mounting plugin AppleMoviePlayer
LogPluginManager: Mounting plugin ArchVisCharacter
LogPluginManager: Mounting plugin AudioCapture
LogPluginManager: Mounting plugin CableComponent
LogPluginManager: Mounting plugin CustomMeshComponent
LogPluginManager: Mounting plugin ExampleDeviceProfileSelector
LogPluginManager: Mounting plugin GoogleCloudMessaging
LogPluginManager: Mounting plugin ImmediatePhysics
LogPluginManager: Mounting plugin IOSDeviceProfileSelector
LogPluginManager: Mounting plugin LinuxDeviceProfileSelector
LogPluginManager: Mounting plugin LocationServicesBPLibrary
LogPluginManager: Mounting plugin MobilePatchingUtils
LogPluginManager: Mounting plugin OculusVR
LogPluginManager: Plugin shader directory ../../../Engine/Plugins/Runtime/Oculus/OculusVR/Shaders found
LogPluginManager: Mapping shader source directory ../../../Engine/Plugins/Runtime/Oculus/OculusVR/Shaders to virtual directory /Plugin/OculusVR
LogPluginManager: Mounting plugin PhysXVehicles
LogPluginManager: Mounting plugin ProceduralMeshComponent
LogPluginManager: Mounting plugin RuntimePhysXCooking
LogPluginManager: Mounting plugin SteamVR
LogPluginManager: Mounting plugin WindowsMoviePlayer
LogStreaming: Display: Took  0.724s to configure plugins.
LogInit: Using libcurl 7.47.1
LogInit:  - built for x86_64-pc-win32
LogInit:  - supports SSL with OpenSSL/1.0.2g
LogInit:  - supports HTTP deflate (compression) using libz 1.2.8
LogInit:  - other features:
LogInit:      CURL_VERSION_SSL
LogInit:      CURL_VERSION_LIBZ
LogInit:      CURL_VERSION_IPV6
LogInit:      CURL_VERSION_ASYNCHDNS
LogInit:      CURL_VERSION_LARGEFILE
LogInit:      CURL_VERSION_IDN
LogInit:  CurlRequestOptions (configurable via config and command line):
LogInit:  - bVerifyPeer = false  - Libcurl will NOT verify peer certificate
LogInit:  - bUseHttpProxy = false  - Libcurl will NOT use HTTP proxy
LogInit:  - bDontReuseConnections = false  - Libcurl will reuse connections
LogInit:  - CertBundlePath = nullptr  - Libcurl will use whatever was configured at build time.
LogInit:  - MaxHostConnections = 16  - Libcurl will limit the number of connections to a host
LogInit:  - LocalHostAddr = Default
LogInit: WinSock: version 1.1 (2.2), MaxSocks=32767, MaxUdp=65467
LogInit: WinSock: I am DESKTOP-6DAELIS (192.168.1.106:0)
LogInit: Build: ++UE4+Release-4.19-CL-3944462
LogInit: Engine Version: 4.19.0-3944462+++UE4+Release-4.19
LogInit: Compatible Engine Version: 4.19.0-3944462+++UE4+Release-4.19
LogInit: Net CL: 3944462
LogDevObjectVersion: Number of dev versions registered: 18
LogDevObjectVersion:   Dev-Blueprints (B0D832E4-1F89-4F0D-ACCF-7EB736FD4AA2): 10
LogDevObjectVersion:   Dev-Build (E1C64328-A22C-4D53-A36C-8E866417BD8C): 0
LogDevObjectVersion:   Dev-Core (375EC13C-06E4-48FB-B500-84F0262A717E): 2
LogDevObjectVersion:   Dev-Editor (E4B068ED-F494-42E9-A231-DA0B2E46BB41): 23
LogDevObjectVersion:   Dev-Framework (CFFC743F-43B0-4480-9391-14DF171D2073): 33
LogDevObjectVersion:   Dev-Mobile (B02B49B5-BB20-44E9-A304-32B752E40360): 2
LogDevObjectVersion:   Dev-Networking (A4E4105C-59A1-49B5-A7C5-40C4547EDFEE): 0
LogDevObjectVersion:   Dev-Online (39C831C9-5AE6-47DC-9A44-9C173E1C8E7C): 0
LogDevObjectVersion:   Dev-Physics (78F01B33-EBEA-4F98-B9B4-84EACCB95AA2): 0
LogDevObjectVersion:   Dev-Platform (6631380F-2D4D-43E0-8009-CF276956A95A): 0
LogDevObjectVersion:   Dev-Rendering (12F88B9F-8875-4AFC-A67C-D90C383ABD29): 25
LogDevObjectVersion:   Dev-Sequencer (7B5AE74C-D270-4C10-A958-57980B212A5A): 6
LogDevObjectVersion:   Dev-VR (D7296918-1DD6-4BDD-9DE2-64A83CC13884): 1
LogDevObjectVersion:   Dev-LoadTimes (C2A15278-BFE7-4AFE-6C17-90FF531DF755): 1
LogDevObjectVersion:   Private-Geometry (6EACA3D4-40EC-4CC1-B786-8BED09428FC5): 2
LogDevObjectVersion:   Dev-AnimPhys (29E575DD-E0A3-4627-9D10-D276232CDCEA): 16
LogDevObjectVersion:   Dev-ReflectionCapture (6B266CEC-1EC7-4B8F-A30B-E4D90942FC07): 1
LogDevObjectVersion:   Dev-Automation (0DF73D61-A23F-47EA-B727-89E90C41499A): 1
LogInit: Compiled (64-bit): Mar 13 2018 23:12:32
LogInit: Compiled with Visual C++: 19.00.24215.01
LogInit: Build Configuration: Development
LogInit: Branch Name: ++UE4+Release-4.19
LogInit: Command Line:  
LogInit: Base Directory: C:/Program Files/Epic Games/UE_4.19/Engine/Binaries/Win64/
LogInit: Installed Engine Build: 1
LogStreaming: Display: Took  0.000s to delete old logs.
LogInit: Presizing for max 8388607 objects, including 0 objects not considered by GC, pre-allocating 0 bytes for permanent pool.
LogInit: Object subsystem initialized
[2018.04.06-04.08.38:683][  0]LogInit: Selected Device Profile: [Windows]
[2018.04.06-04.08.38:683][  0]LogInit: Applying CVar settings loaded from the selected device profile: [Windows]
[2018.04.06-04.08.38:692][  0]LogInit: Computer: DESKTOP-6DAELIS
[2018.04.06-04.08.38:692][  0]LogInit: User: Jason
[2018.04.06-04.08.38:692][  0]LogInit: CPU Page size=4096, Cores=4
[2018.04.06-04.08.38:692][  0]LogInit: High frequency timer resolution =3.913034 MHz
[2018.04.06-04.08.38:692][  0]LogMemory: Memory total: Physical=23.9GB (24GB approx)
[2018.04.06-04.08.38:692][  0]LogMemory: Platform Memory Stats for Windows
[2018.04.06-04.08.38:692][  0]LogMemory: Process Physical Memory: 275.01 MB used, 275.01 MB peak
[2018.04.06-04.08.38:692][  0]LogMemory: Process Virtual Memory: 265.04 MB used, 265.04 MB peak
[2018.04.06-04.08.38:692][  0]LogMemory: Physical Memory: 9068.70 MB used,  15450.18 MB free, 24518.88 MB total
[2018.04.06-04.08.38:692][  0]LogMemory: Virtual Memory: 693.75 MB used,  15450.18 MB free, 134217728.00 MB total
[2018.04.06-04.08.38:705][  0]LogInit: Using OS detected language (en-US).
[2018.04.06-04.08.38:705][  0]LogInit: Using OS detected locale (en-US).
[2018.04.06-04.08.38:707][  0]LogTextLocalizationManager: No specific localization for 'en-US' exists, so the 'en' localization will be used.
[2018.04.06-04.08.39:036][  0]LogStreaming: Display: Took  0.331s to EndInitTextLocalization.
[2018.04.06-04.08.39:036][  0]LogInit: Setting process to per monitor DPI aware
[2018.04.06-04.08.39:067][  0]LogSlate: New Slate User Created.  User Index 0, Is Virtual User: 0
[2018.04.06-04.08.39:067][  0]LogSlate: Slate User Registered.  User Index 0, Is Virtual User: 0
[2018.04.06-04.08.39:218][  0]LogD3D11RHI: D3D11 adapters:
[2018.04.06-04.08.39:274][  0]LogD3D11RHI:    0. 'NVIDIA GeForce GTX 1080' (Feature Level 11_0)
[2018.04.06-04.08.39:274][  0]LogD3D11RHI:       8086/0/12259 MB DedicatedVideo/DedicatedSystem/SharedSystem, Outputs:3, VendorId:0x10de
[2018.04.06-04.08.39:276][  0]LogD3D11RHI:    1. 'Microsoft Basic Render Driver' (Feature Level 11_0)
[2018.04.06-04.08.39:276][  0]LogD3D11RHI:       0/0/12259 MB DedicatedVideo/DedicatedSystem/SharedSystem, Outputs:0, VendorId:0x1414
[2018.04.06-04.08.39:276][  0]LogD3D11RHI: Chosen D3D11 Adapter: 0
[2018.04.06-04.08.39:282][  0]LogD3D11RHI: Creating new Direct3DDevice
[2018.04.06-04.08.39:282][  0]LogD3D11RHI:     GPU DeviceId: 0x1b80 (for the marketing name, search the web for "GPU Device Id")
[2018.04.06-04.08.39:282][  0]LogWindows: EnumDisplayDevices:
[2018.04.06-04.08.39:282][  0]LogWindows:    0. 'NVIDIA GeForce GTX 1080' (P:0 D:1)
[2018.04.06-04.08.39:282][  0]LogWindows:    1. 'NVIDIA GeForce GTX 1080' (P:1 D:1)
[2018.04.06-04.08.39:282][  0]LogWindows:    2. 'NVIDIA GeForce GTX 1080' (P:0 D:1)
[2018.04.06-04.08.39:282][  0]LogWindows:    3. 'NVIDIA GeForce GTX 1080' (P:0 D:0)
[2018.04.06-04.08.39:282][  0]LogWindows: DebugString: GetVideoDriverDetailsInvalid PrimaryIsNotTheChoosenAdapter GetVideoDriverDetailsInvalid PrimaryIsNotTheChoosenAdapter GetVideoDriverDetailsInvalid PrimaryIsNotTheChoosenAdapter GetVideoDriverDetailsInvalid PrimaryIsNotTheChoosenAdapter FoundDriverCount:0 
[2018.04.06-04.08.39:282][  0]LogD3D11RHI:     Adapter Name: NVIDIA GeForce GTX 1080
[2018.04.06-04.08.39:282][  0]LogD3D11RHI:   Driver Version: Unknown (internal:Unknown, unified:Unknown)
[2018.04.06-04.08.39:282][  0]LogD3D11RHI:      Driver Date: Unknown
[2018.04.06-04.08.39:282][  0]LogRHI: Texture pool is 5660 MB (70% of 8086 MB)
[2018.04.06-04.08.39:305][  0]LogD3D11RHI: [Aftermath] Aftermath enabled but failed to initialize
[2018.04.06-04.08.39:305][  0]LogD3D11RHI: Async texture creation enabled
[2018.04.06-04.08.39:337][  0]LogD3D11RHI: GPU Timing Frequency: 1000.000000 (Debug: 2 1)
[2018.04.06-04.08.39:339][  0]LogShaderCompilers: Guid format shader working directory is 16 characters bigger than the processId version (E:/GameJams/GameJamSpring2018/Intermediate/Shaders/WorkingDirectory/15080/).
[2018.04.06-04.08.39:339][  0]LogShaderCompilers: Cleaned the shader compiler working directory 'C:/Users/Jason/AppData/Local/Temp/UnrealShaderWorkingDir/06A462004EE450DB80052483253E028A/'.
[2018.04.06-04.08.39:542][  0]LogTemp: Display: Loaded TP AllDesktopTargetPlatform
[2018.04.06-04.08.39:553][  0]LogTemp: Display: Loaded TP MacClientTargetPlatform
[2018.04.06-04.08.39:564][  0]LogTemp: Display: Loaded TP MacNoEditorTargetPlatform
[2018.04.06-04.08.39:574][  0]LogTemp: Display: Loaded TP MacServerTargetPlatform
[2018.04.06-04.08.39:585][  0]LogTemp: Display: Loaded TP MacTargetPlatform
[2018.04.06-04.08.39:596][  0]LogTemp: Display: Loaded TP WindowsClientTargetPlatform
[2018.04.06-04.08.39:606][  0]LogTemp: Display: Loaded TP WindowsNoEditorTargetPlatform
[2018.04.06-04.08.39:617][  0]LogTemp: Display: Loaded TP WindowsServerTargetPlatform
[2018.04.06-04.08.39:622][  0]LogTemp: Display: Loaded TP WindowsTargetPlatform
[2018.04.06-04.08.39:631][  0]LogTemp: Display: Loaded TP Android_ASTCTargetPlatform
[2018.04.06-04.08.39:641][  0]LogTemp: Display: Loaded TP Android_ATCTargetPlatform
[2018.04.06-04.08.39:650][  0]LogTemp: Display: Loaded TP Android_DXTTargetPlatform
[2018.04.06-04.08.39:660][  0]LogTemp: Display: Loaded TP Android_ETC1aTargetPlatform
[2018.04.06-04.08.39:669][  0]LogTemp: Display: Loaded TP Android_ETC1TargetPlatform
[2018.04.06-04.08.39:678][  0]LogTemp: Display: Loaded TP Android_ETC2TargetPlatform
[2018.04.06-04.08.39:697][  0]LogTemp: Display: Loaded TP Android_MultiTargetPlatform
[2018.04.06-04.08.39:697][  0]LogTemp: Display: Loaded TP Android_PVRTCTargetPlatform
[2018.04.06-04.08.39:706][  0]LogTemp: Display: Loaded TP AndroidTargetPlatform
[2018.04.06-04.08.39:707][  0]LogTemp: Display: Loaded TP HTML5TargetPlatform
[2018.04.06-04.08.39:740][  0]LogTemp: Display: Loaded TP IOSTargetPlatform
[2018.04.06-04.08.39:749][  0]LogTemp: Display: Loaded TP TVOSTargetPlatform
[2018.04.06-04.08.39:758][  0]LogTemp: Display: Loaded TP LinuxClientTargetPlatform
[2018.04.06-04.08.39:767][  0]LogTemp: Display: Loaded TP LinuxNoEditorTargetPlatform
[2018.04.06-04.08.39:777][  0]LogTemp: Display: Loaded TP LinuxServerTargetPlatform
[2018.04.06-04.08.39:786][  0]LogTemp: Display: Loaded TP LinuxTargetPlatform
[2018.04.06-04.08.39:787][  0]LogTargetPlatformManager: Display: Building Assets For Windows
[2018.04.06-04.08.39:869][  0]LogXGEController: Cleaning working directory: C:/Users/Jason/AppData/Local/Temp/UnrealXGEWorkingDir/
[2018.04.06-04.08.39:869][  0]LogXGEController: Cannot use XGE Controller as Incredibuild is not installed on this machine.
[2018.04.06-04.08.39:869][  0]LogShaderCompilers: Cannot use XGE Shader Compiler as Incredibuild is not installed on this machine.
[2018.04.06-04.08.39:869][  0]LogShaderCompilers: Display: Using Local Shader Compiler.
[2018.04.06-04.08.40:425][  0]LogDerivedDataCache: Display: Max Cache Size: 512 MB
[2018.04.06-04.08.40:477][  0]LogDerivedDataCache: Loaded boot cache 0.05s 74MB C:/Users/Jason/AppData/Local/UnrealEngine/4.19/DerivedDataCache/Boot.ddc.
[2018.04.06-04.08.40:477][  0]LogDerivedDataCache: Display: Loaded Boot cache: C:/Users/Jason/AppData/Local/UnrealEngine/4.19/DerivedDataCache/Boot.ddc
[2018.04.06-04.08.40:477][  0]LogDerivedDataCache: FDerivedDataBackendGraph:  Pak pak cache file E:/GameJams/GameJamSpring2018/DerivedDataCache/DDC.ddp not found, will not use a pak cache.
[2018.04.06-04.08.40:477][  0]LogDerivedDataCache: Unable to find inner node Pak for hierarchical cache Hierarchy.
[2018.04.06-04.08.40:477][  0]LogDerivedDataCache: FDerivedDataBackendGraph:  CompressedPak pak cache file E:/GameJams/GameJamSpring2018/DerivedDataCache/Compressed.ddp not found, will not use a pak cache.
[2018.04.06-04.08.40:477][  0]LogDerivedDataCache: Unable to find inner node CompressedPak for hierarchical cache Hierarchy.
[2018.04.06-04.08.40:490][  0]LogDerivedDataCache: Display: Pak cache opened for reading ../../../Engine/DerivedDataCache/Compressed.ddp.
[2018.04.06-04.08.40:501][  0]LogDerivedDataCache: Using Local data cache path C:/Users/Jason/AppData/Local/UnrealEngine/Common/DerivedDataCache: Writable
[2018.04.06-04.08.40:511][  0]LogMaterial: Verifying Global Shaders for PCD3D_SM5
[2018.04.06-04.08.40:511][  0]LogSlate: Using Freetype 2.6.0
[2018.04.06-04.08.40:511][  0]LogSlate: SlateFontCache - WITH_FREETYPE: 1, WITH_HARFBUZZ: 1
[2018.04.06-04.08.40:512][  0]LogSlate: SlateFontCache - WITH_FREETYPE: 1, WITH_HARFBUZZ: 1
[2018.04.06-04.08.40:607][  0]LogAssetRegistry: FAssetRegistry took 0.0243 seconds to start up
[2018.04.06-04.08.40:841][  0]LogInit: Selected Device Profile: [Windows]
[2018.04.06-04.08.40:949][  0]LogSimplygon: Simplygon DLL not present - disabling.
[2018.04.06-04.08.40:951][  0]LogMeshReduction: Using SimplygonSwarm for distributed automatic mesh merging
[2018.04.06-04.08.40:951][  0]LogMeshReduction: Using QuadricMeshReduction for automatic static mesh reduction
[2018.04.06-04.08.40:951][  0]LogMeshReduction: No automatic skeletal mesh reduction module available
[2018.04.06-04.08.40:951][  0]LogMeshReduction: No automatic mesh merging module available
[2018.04.06-04.08.40:951][  0]LogMeshMerging: No automatic mesh merging module available
[2018.04.06-04.08.40:980][  0]LogNetVersion: TopDownRPG , NetCL: 3944462, EngineNetVer: 2, GameNetVer: 0 (Checksum: 3998599862)
[2018.04.06-04.08.41:282][  0]LogPackageLocalizationCache: Processed 9 localized package path(s) for 2 prioritized culture(s) in 0.046005 seconds
[2018.04.06-04.08.41:286][  0]LogUObjectArray: 36728 objects as part of root set at end of initial load.
[2018.04.06-04.08.41:287][  0]LogUObjectAllocator: 7314312 out of 0 bytes used by permanent object pool.
[2018.04.06-04.08.41:287][  0]LogUObjectArray: CloseDisregardForGC: 0/0 objects in disregard for GC pool
[2018.04.06-04.08.42:482][  0]LogTcpMessaging: Initializing TcpMessaging bridge
[2018.04.06-04.08.42:507][  0]LogUdpMessaging: Initializing bridge on interface 0.0.0.0:0 to multicast group 230.0.0.1:6666.
[2018.04.06-04.08.42:783][  0]SourceControl: Source control is disabled
[2018.04.06-04.08.42:783][  0]SourceControl: Source control is disabled
[2018.04.06-04.08.42:796][  0]SourceControl: Source control is disabled
[2018.04.06-04.08.42:809][  0]SourceControl: Source control is disabled
[2018.04.06-04.08.43:212][  0]LogAndroidPermission: UAndroidPermissionCallbackProxy::GetInstance
[2018.04.06-04.08.43:354][  0]LogOcInput: OculusInput pre-init called
[2018.04.06-04.08.43:438][  0]LogEngine: Initializing Engine...
[2018.04.06-04.08.43:454][  0]LogHMD: Failed to initialize OpenVR with code 126
[2018.04.06-04.08.43:455][  0]LogStats: UGameplayTagsManager::ConstructGameplayTagTree: Construct from data asset -  0.000 s
[2018.04.06-04.08.43:455][  0]LogStats: UGameplayTagsManager::ConstructGameplayTagTree: GameplayTagTreeChangedEvent.Broadcast -  0.000 s
[2018.04.06-04.08.43:617][  0]LogAIModule: Creating AISystem for world Untitled
[2018.04.06-04.08.43:662][  0]LogInit: XAudio2 using 'Speakers (Realtek High Definition Audio)' : 2 channels at 48 kHz using 32 bits per sample (channel mask 0x3)
[2018.04.06-04.08.43:684][  0]LogInit: FAudioDevice initialized.
[2018.04.06-04.08.43:761][  0]LogDerivedDataCache: Saved boot cache 0.08s 74MB C:/Users/Jason/AppData/Local/UnrealEngine/4.19/DerivedDataCache/Boot.ddc.
[2018.04.06-04.08.43:771][  0]LogInit: Texture streaming: Enabled
[2018.04.06-04.08.43:784][  0]LogEngineSessionManager: EngineSessionManager initialized
[2018.04.06-04.08.43:797][  0]LogInit: Transaction tracking system initialized
[2018.04.06-04.08.43:817][  0]BlueprintLog: New page: Editor Load
[2018.04.06-04.08.43:874][  0]LocalizationService: Localization service is disabled
[2018.04.06-04.08.43:934][  0]LogLinker: Warning: Can't find file '/Game/RollingBP/RollingOverview'
[2018.04.06-04.08.43:934][  0]LogLinker: Warning: Can't find file '/Game/RollingBP/RollingOverview'
[2018.04.06-04.08.43:934][  0]LogUObjectGlobals: Warning: Failed to find object 'Class /Game/RollingBP/RollingOverview.RollingOverview_C'
[2018.04.06-04.08.43:951][  0]LogConsoleResponse: Display: 
[2018.04.06-04.08.44:061][  0]LogCook: Display: Max memory allowance for cook 16384mb min free memory 0mb
[2018.04.06-04.08.44:061][  0]LogCook: Display: Mobile HDR setting 1
[2018.04.06-04.08.44:061][  0]LogGameplayTags: Display: UGameplayTagsManager::DoneAddingNativeTags. DelegateIsBound: 0
[2018.04.06-04.08.44:061][  0]LogStats: UGameplayTagsManager::ConstructGameplayTagTree: Construct from data asset -  0.000 s
[2018.04.06-04.08.44:061][  0]LogStats: UGameplayTagsManager::ConstructGameplayTagTree: GameplayTagTreeChangedEvent.Broadcast -  0.000 s
[2018.04.06-04.08.44:347][  0]LogFileCache: Scanning file cache for directory 'E:/GameJams/GameJamSpring2018/Content/' took 0.01s
[2018.04.06-04.08.44:347][  0]SourceControl: Source control is disabled
[2018.04.06-04.08.44:347][  0]Cmd: MAP LOAD FILE="E:/GameJams/GameJamSpring2018/Content/TopDownBP/Maps/TopDownExampleMap.umap" TEMPLATE=0 SHOWPROGRESS=1 FEATURELEVEL=3
[2018.04.06-04.08.44:348][  0]LightingResults: New page: Lighting Build
[2018.04.06-04.08.44:350][  0]MapCheck: New page: Map Check
[2018.04.06-04.08.44:350][  0]LightingResults: New page: Lighting Build
[2018.04.06-04.08.44:572][  0]LogSkeletalMesh: Skeletal Mesh found in DDC [8.698365ms] /Game/Mannequin/Character/Mesh/SK_Mannequin.SK_Mannequin
[2018.04.06-04.08.44:672][  0]LogAIModule: Creating AISystem for world TopDownExampleMap
[2018.04.06-04.08.44:680][  0]LogEditorServer: Finished looking for orphan Actors (0.000 secs)
[2018.04.06-04.08.44:691][  0]Cmd: MAP CHECKDEP NOCLEARLOG
[2018.04.06-04.08.44:730][  0]MapCheck: Map check complete: 0 Error(s), 0 Warning(s), took 38.73ms to complete.
[2018.04.06-04.08.44:730][  0]LogFileHelpers: Loading map 'TopDownExampleMap' took 0.383
[2018.04.06-04.08.44:867][  0]LogCollectionManager: Loaded 0 collections in 0.001297 seconds
[2018.04.06-04.08.44:912][  0]LogFileCache: Scanning file cache for directory 'E:/GameJams/GameJamSpring2018/Saved/Collections/' took 0.01s
[2018.04.06-04.08.44:912][  0]LogFileCache: Scanning file cache for directory 'E:/GameJams/GameJamSpring2018/Content/Developers/Jason/Collections/' took 0.01s
[2018.04.06-04.08.44:912][  0]LogFileCache: Scanning file cache for directory 'E:/GameJams/GameJamSpring2018/Content/Collections/' took 0.01s
[2018.04.06-04.08.44:912][  0]LogCollectionManager: Rebuilt the GUID cache for 0 collections in 0.000000 seconds
[2018.04.06-04.08.44:920][  0]LogContentBrowser: Native class hierarchy populated in 0.0072 seconds. Added 2452 classes and 558 folders.
[2018.04.06-04.08.44:925][  0]LogContentBrowser: Native class hierarchy updated for 'WidgetCarousel' in 0.0002 seconds. Added 0 classes and 0 folders.
[2018.04.06-04.08.44:959][  0]LogContentBrowser: Native class hierarchy updated for 'AddContentDialog' in 0.0002 seconds. Added 0 classes and 0 folders.
[2018.04.06-04.08.44:964][  0]LogContentBrowser: Native class hierarchy updated for 'SceneOutliner' in 0.0002 seconds. Added 1 classes and 2 folders.
[2018.04.06-04.08.45:021][  0]LogSlate: Took 0.000226 seconds to synchronously load lazily loaded font '../../../Engine/Content/Slate/Fonts/Roboto-Regular.ttf' (155K)
[2018.04.06-04.08.45:023][  0]LogSlate: Took 0.000237 seconds to synchronously load lazily loaded font '../../../Engine/Content/Slate/Fonts/Roboto-Bold.ttf' (160K)
[2018.04.06-04.08.45:027][  0]LogSlate: Took 0.000187 seconds to synchronously load lazily loaded font '../../../Engine/Content/Editor/Slate/Fonts/FontAwesome.ttf' (139K)
[2018.04.06-04.08.45:108][  0]LogRenderer: Reallocating scene render targets to support 1208x576 Format 10 NumSamples 1 (Frame:1).
[2018.04.06-04.08.45:217][  0]LogContentBrowser: Native class hierarchy updated for 'HierarchicalLODOutliner' in 0.0002 seconds. Added 0 classes and 0 folders.
[2018.04.06-04.08.45:217][  0]LogLoad: (Engine Initialization) Total time: 8.36 seconds
[2018.04.06-04.08.45:217][  0]LogLoad: (Engine Initialization) Total Blueprint compile time: 0.00 seconds
[2018.04.06-04.08.45:226][  0]LogWindowsTextInputMethodSystem: Display: IME system now deactivated.
[2018.04.06-04.08.45:244][  0]LogAssetRegistry: Asset discovery search completed in 4.6582 seconds
[2018.04.06-04.08.45:245][  0]LogCollectionManager: Rebuilt the object cache for 0 collections in 0.000001 seconds (found 0 objects)
[2018.04.06-04.08.45:245][  0]LogCollectionManager: Fixed up redirectors for 0 collections in 0.000061 seconds (updated 0 objects)
[2018.04.06-04.08.45:250][  0]LogContentStreaming: Texture pool size now 1000 MB
[2018.04.06-04.08.45:291][  0]LogSlate: Took 0.000189 seconds to synchronously load lazily loaded font '../../../Engine/Content/Slate/Fonts/Roboto-Light.ttf' (167K)
[2018.04.06-04.08.46:531][146]LogSlate: FSceneViewport::OnFocusLost() reason 0
[2018.04.06-04.08.53:127][876]LogSlate: Window 'Source Control Login' being destroyed
[2018.04.06-04.08.58:139][477]LogEditorViewport: Clicking on Actor (LMB): StaticMeshActor (Cube)
[2018.04.06-04.08.59:923][676]LogEditorViewport: Clicking on Actor (LMB): StaticMeshActor (Cube26)
[2018.04.06-04.09.02:052][924]LogSlate: FSceneViewport::OnFocusLost() reason 0
[2018.04.06-04.09.03:692][ 13]LogSlate: Window 'Delete Assets' being destroyed
[2018.04.06-04.09.03:706][ 13]LogSlate: Took 0.000154 seconds to synchronously load lazily loaded font '../../../Engine/Content/Slate/Fonts/Roboto-Light.ttf' (167K)
[2018.04.06-04.09.04:206][ 13]SourceControl: rm 'Content/TopDownBP/TopDownOverview.uasset'
[2018.04.06-04.09.48:490][162]LogFactory: FactoryCreateFile: StaticMesh with FbxFactory (0 0 E:\Jasons stuff\College\Interactive Art\VR Memories\FBX Exports\Church\Jesus.fbx)
[2018.04.06-04.09.48:513][162]LogFbx: ItemName: GlobalSettings, ItemCount : 1
[2018.04.06-04.09.48:513][162]LogFbx: ItemName: Geometry, ItemCount : 1
[2018.04.06-04.09.48:513][162]LogFbx: ItemName: Model, ItemCount : 1
[2018.04.06-04.09.48:513][162]LogFbx: ItemName: Material, ItemCount : 6
[2018.04.06-04.09.48:520][162]LogFbx: Loading FBX Scene from E:\Jasons stuff\College\Interactive Art\VR Memories\FBX Exports\Church\Jesus.fbx
[2018.04.06-04.09.48:530][162]LogFbx: FBX Scene Loaded Succesfully
[2018.04.06-04.09.51:647][162]LogSlate: Window 'FBX Import Options' being destroyed
[2018.04.06-04.09.51:708][162]LogFbx: Loading FBX Scene from E:\Jasons stuff\College\Interactive Art\VR Memories\FBX Exports\Church\Jesus.fbx
[2018.04.06-04.09.51:713][162]LogFbx: FBX Scene Loaded Succesfully
[2018.04.06-04.09.51:721][162]LogMaterial: Missing cached shader map for material Red, compiling. 
[2018.04.06-04.09.51:753][162]LogMaterial: Missing cached shader map for material White, compiling. 
[2018.04.06-04.09.51:759][162]LogShaderCompilers: Display: Shaders left to compile 22
[2018.04.06-04.09.51:759][162]LogShaderCompilers: Display: Shaders left to compile 12
[2018.04.06-04.09.51:759][162]LogShaderCompilers: Display: Shaders left to compile 2
[2018.04.06-04.09.51:763][162]LogMaterial: Missing cached shader map for material LightRed, compiling. 
[2018.04.06-04.09.51:773][162]LogMaterial: Missing cached shader map for material Orangeish, compiling. 
[2018.04.06-04.09.51:782][162]LogMaterial: Missing cached shader map for material Tan, compiling. 
[2018.04.06-04.09.51:792][162]LogMaterial: Missing cached shader map for material Brown, compiling. 
[2018.04.06-04.09.51:800][162]LogFbx: Warning: Triangulating static mesh Jesus
[2018.04.06-04.09.51:827][162]LogShaderCompilers: Display: Shaders left to compile 110
[2018.04.06-04.09.51:827][162]LogStaticMesh: Building static mesh Jesus...
[2018.04.06-04.09.51:869][162]LogStaticMesh: Built static mesh [0.04s] /Game/TopDownBP/Objects/Jesus.Jesus
[2018.04.06-04.09.52:707][233]LogShaderCompilers: Display: Shaders left to compile 100
[2018.04.06-04.09.54:183][336]LogShaderCompilers: Display: Shaders left to compile 90
[2018.04.06-04.09.54:224][340]LogShaderCompilers: Display: Shaders left to compile 80
[2018.04.06-04.09.55:089][427]LogShaderCompilers: Display: Shaders left to compile 70
[2018.04.06-04.09.55:522][468]LogShaderCompilers: Display: Shaders left to compile 60
[2018.04.06-04.09.55:675][481]LogShaderCompilers: Display: Shaders left to compile 50
[2018.04.06-04.09.56:814][578]LogShaderCompilers: Display: Shaders left to compile 40
[2018.04.06-04.09.56:956][589]LogShaderCompilers: Display: Shaders left to compile 30
[2018.04.06-04.09.57:753][652]LogShaderCompilers: Display: Shaders left to compile 20
[2018.04.06-04.09.57:867][661]LogShaderCompilers: Display: Shaders left to compile 10
[2018.04.06-04.09.59:360][782]LogActorFactory: Actor Factory created Jesus
[2018.04.06-04.10.00:598][908]LogActorFactory: Actor Factory created Jesus
[2018.04.06-04.10.10:337][ 30]LogSlate: FSceneViewport::OnFocusLost() reason 0
[2018.04.06-04.10.15:840][661]LogSlate: FSceneViewport::OnFocusLost() reason 0
[2018.04.06-04.10.31:810][278]LogSlate: Window 'Delete Assets' being destroyed
[2018.04.06-04.10.37:490][293]LogFactory: FactoryCreateFile: StaticMesh with FbxFactory (0 0 E:\Jasons stuff\College\Interactive Art\VR Memories\FBX Exports\Church\Shape.fbx)
[2018.04.06-04.10.37:494][293]LogFbx: ItemName: GlobalSettings, ItemCount : 1
[2018.04.06-04.10.37:494][293]LogFbx: ItemName: Geometry, ItemCount : 1
[2018.04.06-04.10.37:494][293]LogFbx: ItemName: Model, ItemCount : 1
[2018.04.06-04.10.37:494][293]LogFbx: ItemName: Material, ItemCount : 1
[2018.04.06-04.10.37:498][293]LogFbx: Loading FBX Scene from E:\Jasons stuff\College\Interactive Art\VR Memories\FBX Exports\Church\Shape.fbx
[2018.04.06-04.10.37:502][293]LogFbx: FBX Scene Loaded Succesfully
[2018.04.06-04.10.38:876][293]LogSlate: Window 'FBX Import Options' being destroyed
[2018.04.06-04.10.38:902][293]LogFbx: Loading FBX Scene from E:\Jasons stuff\College\Interactive Art\VR Memories\FBX Exports\Church\Shape.fbx
[2018.04.06-04.10.38:906][293]LogFbx: FBX Scene Loaded Succesfully
[2018.04.06-04.10.38:909][293]LogMaterial: Missing cached shader map for material Gold, compiling. 
[2018.04.06-04.10.38:916][293]LogShaderCompilers: Display: Shaders left to compile 22
[2018.04.06-04.10.38:916][293]LogShaderCompilers: Display: Shaders left to compile 12
[2018.04.06-04.10.38:916][293]LogShaderCompilers: Display: Shaders left to compile 2
[2018.04.06-04.10.38:916][293]LogFbx: Warning: Triangulating static mesh Shape
[2018.04.06-04.10.38:917][293]LogStaticMesh: Building static mesh Shape...
[2018.04.06-04.10.38:918][293]LogStaticMesh: Built static mesh [0.00s] /Game/TopDownBP/Objects/Shape.Shape
[2018.04.06-04.10.41:074][518]LogActorFactory: Actor Factory created Shape
[2018.04.06-04.10.42:754][716]LogSlate: FSceneViewport::OnFocusLost() reason 2
[2018.04.06-04.10.43:709][829]LogEditorActor: Deleted Actor: StaticMeshActor
[2018.04.06-04.10.43:716][829]LogEditorActor: Deleted 1 Actors (0.011 secs)
[2018.04.06-04.10.44:788][956]LogActorFactory: Actor Factory created Shape
[2018.04.06-04.10.44:949][975]LogActorFactory: Actor Factory created Shape
[2018.04.06-04.10.46:162][116]LogSlate: FSceneViewport::OnFocusLost() reason 0
[2018.04.06-04.10.48:407][384]LogSlate: Took 0.004690 seconds to synchronously load lazily loaded font '../../../Engine/Content/Slate/Fonts/Roboto-Italic.ttf' (157K)
[2018.04.06-04.11.02:384][985]LogSlate: FSceneViewport::OnFocusLost() reason 0
[2018.04.06-04.11.02:517][  1]MapCheck: New page: Map Check
[2018.04.06-04.11.02:541][  1]Cmd: MAP REBUILD ALLVISIBLE
[2018.04.06-04.11.02:542][  1]LogEditorServer: Rebuildmap Clear paths rebuilt
[2018.04.06-04.11.02:638][  1]LogMaterial: Missing cached shader map for material FDebugViewModeMaterialProxy WorldGridMaterial, compiling. Is special engine material.
[2018.04.06-04.11.02:644][  1]LogMaterial: Missing cached shader map for material FDebugViewModeMaterialProxy DefaultTextMaterialOpaque, compiling. 
[2018.04.06-04.11.02:647][  1]LogShaderCompilers: Display: Shaders left to compile 2
[2018.04.06-04.11.02:647][  1]LogShaderCompilers: Display: Shaders left to compile 1
[2018.04.06-04.11.02:647][  1]LogMaterial: Missing cached shader map for material FDebugViewModeMaterialProxy MaterialInstanceDynamic_1, compiling. 
[2018.04.06-04.11.02:652][  1]LogMaterial: Missing cached shader map for material FDebugViewModeMaterialProxy CubeMaterial, compiling. 
[2018.04.06-04.11.02:656][  1]LogMaterial: Missing cached shader map for material FDebugViewModeMaterialProxy M_UE4Man_Body, compiling. 
[2018.04.06-04.11.02:662][  1]LogMaterial: Missing cached shader map for material FDebugViewModeMaterialProxy M_UE4Man_ChestLogo, compiling. 
[2018.04.06-04.11.02:667][  1]LogMaterial: Missing cached shader map for material FDebugViewModeMaterialProxy MatineeCam_mat, compiling. 
[2018.04.06-04.11.02:671][  1]LogMaterial: Missing cached shader map for material FDebugViewModeMaterialProxy Gold, compiling. 
[2018.04.06-04.11.03:324][  1]LogShaderCompilers: Display: Shaders left to compile 6
[2018.04.06-04.11.03:324][  1]LogShaderCompilers: Display: Shaders left to compile 5
[2018.04.06-04.11.03:324][  1]LogShaderCompilers: Display: Shaders left to compile 4
[2018.04.06-04.11.03:324][  1]LogShaderCompilers: Display: Shaders left to compile 3
[2018.04.06-04.11.03:324][  1]LogShaderCompilers: Display: Shaders left to compile 2
[2018.04.06-04.11.03:324][  1]LogShaderCompilers: Display: Shaders left to compile 1
[2018.04.06-04.11.03:324][  1]TextureStreamingBuild: Display: Compiling optional shaders took 0.690 seconds.
[2018.04.06-04.11.03:357][  1]LogLevel: Display: Export Material TexCoord Scales took 0.033 seconds.
[2018.04.06-04.11.03:364][  1]TextureStreamingBuild: Display: Build Texture Streaming took 0.007 seconds.
[2018.04.06-04.11.03:374][  1]LightingResults: New page: Lighting Build - Apr 5, 2018, 2:11:03 PM
[2018.04.06-04.11.03:444][  1]LogSwarmInterface: [OpenConnection] Registering TCP channel ...
[2018.04.06-04.11.03:540][  1]LogSwarmInterface: [OpenConnection] Connecting to agent ...
[2018.04.06-04.11.03:554][  1]LogSwarmInterface: [TryOpenConnection] Testing the Agent
[2018.04.06-04.11.04:083][  1]LogSwarmInterface: [TryOpenConnection] Opening Connection to Agent
[2018.04.06-04.11.04:083][  1]LogSwarmInterface: [TryOpenConnection] Local Process ID is 15080
[2018.04.06-04.11.06:916][  1]LogStaticLightingSystem: Running Lightmass w/ ImmediateImport mode ENABLED
[2018.04.06-04.11.06:917][  1]LogStaticLightingSystem: Running Lightmass w/ ImmediateProcess mode ENABLED
[2018.04.06-04.11.06:917][  1]LogStaticLightingSystem: Running Lightmass w/ Sorting mode ENABLED
[2018.04.06-04.11.06:917][  1]LogStaticLightingSystem: Running Lightmass w/ Mapping paddings ENABLED
[2018.04.06-04.11.06:917][  1]LogStaticLightingSystem: Running Lightmass w/ Mapping debug paddings DISABLED
[2018.04.06-04.11.07:075][  1]Cmd: MAP CHECK DONTDISPLAYDIALOG
[2018.04.06-04.11.07:075][  1]MapCheck: New page: TopDownExampleMap - Apr 5, 2018, 2:11:07 PM
[2018.04.06-04.11.07:075][  1]MapCheck: Error: WorldInfo_0 Maps need lighting rebuilt 
[2018.04.06-04.11.07:122][  1]MapCheck: Map check complete: 1 Error(s), 0 Warning(s), took 46.458ms to complete.
[2018.04.06-04.11.07:144][  1]LogEditorBuildUtils: Build time 0:04
[2018.04.06-04.11.07:160][  1]LogMaterial: Missing cached shader map for material FLightmassMaterialRenderer MaterialInstanceDynamic_1, compiling. 
[2018.04.06-04.11.07:164][  1]LogMaterial: Missing cached shader map for material FLightmassMaterialRenderer MaterialInstanceDynamic_1, compiling. 
[2018.04.06-04.11.07:168][  1]LogMaterial: Missing cached shader map for material FLightmassMaterialRenderer CubeMaterial, compiling. 
[2018.04.06-04.11.07:171][  1]LogShaderCompilers: Display: Shaders left to compile 6
[2018.04.06-04.11.07:171][  1]LogMaterial: Missing cached shader map for material FLightmassMaterialRenderer CubeMaterial, compiling. 
[2018.04.06-04.11.07:189][  1]LogShaderCompilers: Display: Shaders left to compile 2
[2018.04.06-04.11.07:198][  2]LogMaterial: Missing cached shader map for material FLightmassMaterialRenderer Gold, compiling. 
[2018.04.06-04.11.07:202][  2]LogShaderCompilers: Display: Shaders left to compile 2
[2018.04.06-04.11.07:202][  2]LogMaterial: Missing cached shader map for material FLightmassMaterialRenderer Gold, compiling. 
[2018.04.06-04.11.07:207][  2]LogShaderCompilers: Display: Shaders left to compile 2
[2018.04.06-04.11.07:207][  2]LogMaterial: Missing cached shader map for material FLightmassMaterialRenderer WorldGridMaterial, compiling. Is special engine material.
[2018.04.06-04.11.07:212][  2]LogMaterial: Missing cached shader map for material FLightmassMaterialRenderer WorldGridMaterial, compiling. Is special engine material.
[2018.04.06-04.11.08:063][  3]LogShaderCompilers: Display: Shaders left to compile 4
[2018.04.06-04.11.11:917][329]Job is a success!
[2018.04.06-04.11.11:980][330]LogVolumetricLightmapImport: Imported Volumetric Lightmap in 0.008s
[2018.04.06-04.11.11:981][330]LogVolumetricLightmapImport:      Indirection Texture 16x16x16 = 0.0Mb
[2018.04.06-04.11.11:981][330]LogVolumetricLightmapImport:      BrickData 175x5x5 = 0.2Mb
[2018.04.06-04.11.11:981][330]LogVolumetricLightmapImport:      Bricks at Level
[2018.04.06-04.11.11:981][330]LogVolumetricLightmapImport:          0: 2.9% covering 100.0% of volume
[2018.04.06-04.11.11:981][330]LogVolumetricLightmapImport:          1: 11.4% covering 6.3% of volume
[2018.04.06-04.11.11:981][330]LogVolumetricLightmapImport:          2: 85.7% covering 0.7% of volume
[2018.04.06-04.11.12:008][330]LogMaterial: Warning: Material /Game/TopDownBP/Objects/Gold.Gold needed to have new flag set bUsedWithStaticLighting !
[2018.04.06-04.11.12:010][330]LogMaterial: Missing cached shader map for material Gold, compiling. 
[2018.04.06-04.11.12:378][330]LogShaderCompilers: Display: Shaders left to compile 31
[2018.04.06-04.11.12:378][330]LogShaderCompilers: Display: Shaders left to compile 21
[2018.04.06-04.11.12:378][330]LogShaderCompilers: Display: Shaders left to compile 11
[2018.04.06-04.11.12:378][330]LogShaderCompilers: Display: Shaders left to compile 1
[2018.04.06-04.11.12:378][330]LogTexture: Display: Building textures: SkyOcclusion1_1 (AutoDXT, 1024X512)
[2018.04.06-04.11.12:378][330]LogTexture: Display: Building textures: HQ_Lightmap1_1 (AutoDXT, 1024X1024)
[2018.04.06-04.11.12:378][330]LogTexture: Display: Building textures: LQ_Lightmap_1_1 (DXT1, 1024X1024)
[2018.04.06-04.11.12:378][330]LogTexture: Display: Building textures: SkyOcclusion1_2 (AutoDXT, 512X256)
[2018.04.06-04.11.12:378][330]LogTexture: Display: Building textures: HQ_Lightmap1_2 (AutoDXT, 512X512)
[2018.04.06-04.11.12:378][330]LogTexture: Display: Building textures: LQ_Lightmap_1_2 (DXT1, 512X512)
[2018.04.06-04.11.12:378][330]LogTexture: Display: Building textures: SkyOcclusion1_3 (AutoDXT, 64X32)
[2018.04.06-04.11.12:378][330]LogTexture: Display: Building textures: HQ_Lightmap1_3 (AutoDXT, 64X64)
[2018.04.06-04.11.12:378][330]LogTexture: Display: Building textures: LQ_Lightmap_1_3 (DXT1, 64X64)
[2018.04.06-04.11.12:578][330]LogTexture: Display: Building textures: ShadowMapTexture2D_3 (G8, 32X32)
[2018.04.06-04.11.12:712][330]LogTexture: Display: Building textures: ShadowMapTexture2D_2 (G8, 1024X1024)
[2018.04.06-04.11.12:752][330]Lightmass on DESKTOP-6DAELIS: 3.94 sec total, 105 ms importing, 16 ms setup, 1.02 sec photons, 2.76 sec processing, 0 ms extra exporting [26/26 mappings]. Threads: 19.2 sec total, 7.28 sec processing.
[2018.04.06-04.11.12:774][330]LogStaticLightingSystem: Illumination: 9.37 sec (355 ms encoding lightmaps, 324 ms encoding shadowmaps)
[2018.04.06-04.11.12:774][330]LogStaticLightingSystem: Lightmap texture memory:  3.3 MB (3.3 MB streaming, 0.0 MB non-streaming), 6 textures
[2018.04.06-04.11.12:774][330]LogStaticLightingSystem: Shadowmap texture memory: 1.3 MB (1.3 MB streaming, 0.0 MB non-streaming), 2 textures
[2018.04.06-04.11.12:919][330]DumpUnbuiltLightIteractions
[2018.04.06-04.11.12:920][330]Lights with unbuilt interactions: 0
[2018.04.06-04.11.12:920][330]
[2018.04.06-04.11.12:920][330]Primitives with unbuilt interactions: 0
[2018.04.06-04.11.14:187][331]Cmd: MAP CHECK NOTIFYRESULTS
[2018.04.06-04.11.14:187][331]MapCheck: New page: TopDownExampleMap - Apr 5, 2018, 2:11:14 PM
[2018.04.06-04.11.14:232][331]MapCheck: Map check complete: 0 Error(s), 0 Warning(s), took 45.563ms to complete.
[2018.04.06-04.11.24:174][942]LogSlate: Window 'Save Content' being destroyed
[2018.04.06-04.11.24:774][ 14]LogSlate: FSceneViewport::OnFocusLost() reason 0
[2018.04.06-04.11.31:360][689]LogSlate: Window 'Save Content' being destroyed
[2018.04.06-04.11.31:387][689]LogSlate: FSceneViewport::OnFocusLost() reason 2
[2018.04.06-04.11.31:520][689]LogSlate: FSceneViewport::OnFocusLost() reason 2
[2018.04.06-04.11.31:573][689]Cmd: OBJ SAVEPACKAGE PACKAGE="/Game/TopDownBP/Maps/TopDownExampleMap" FILE="E:/GameJams/GameJamSpring2018/Content/TopDownBP/Maps/TopDownExampleMap.umap" SILENT=true AUTOSAVING=false KEEPDIRTY=false
[2018.04.06-04.11.31:693][689]LogSavePackage: Save=99.63ms
[2018.04.06-04.11.31:693][689]LogSavePackage: Moving 'E:/GameJams/GameJamSpring2018/Saved/TopDownExampleMapAF35F0A94888BA2502D66E8093CD982A.tmp' to 'E:/GameJams/GameJamSpring2018/Content/TopDownBP/Maps/TopDownExampleMap.umap'
[2018.04.06-04.11.31:695][689]LogSavePackage: Display: Finished SavePackage E:/GameJams/GameJamSpring2018/Content/TopDownBP/Maps/TopDownExampleMap.umap
[2018.04.06-04.11.31:714][689]LogFileHelpers: Saving map 'TopDownExampleMap' took 0.189
[2018.04.06-04.11.31:717][689]Cmd: OBJ SAVEPACKAGE PACKAGE="/Game/TopDownBP/Maps/TopDownExampleMap_BuiltData" FILE="E:/GameJams/GameJamSpring2018/Content/TopDownBP/Maps/TopDownExampleMap_BuiltData.uasset" SILENT=true
[2018.04.06-04.11.31:802][689]LogSavePackage: Save=78.21ms
[2018.04.06-04.11.31:802][689]LogSavePackage: Moving 'E:/GameJams/GameJamSpring2018/Saved/TopDownExampleMap_BuiltData88EA75C2428D29240D9F5D99BB0C5D60.tmp' to 'E:/GameJams/GameJamSpring2018/Content/TopDownBP/Maps/TopDownExampleMap_BuiltData.uasset'
[2018.04.06-04.11.31:804][689]LogSavePackage: Display: Finished SavePackage E:/GameJams/GameJamSpring2018/Content/TopDownBP/Maps/TopDownExampleMap_BuiltData.uasset
[2018.04.06-04.11.31:818][689]Cmd: OBJ SAVEPACKAGE PACKAGE="/Game/TopDownBP/Objects/Gold" FILE="E:/GameJams/GameJamSpring2018/Content/TopDownBP/Objects/Gold.uasset" SILENT=true
[2018.04.06-04.11.31:830][689]LogSavePackage: Save=10.87ms
[2018.04.06-04.11.31:830][689]LogSavePackage: Moving 'E:/GameJams/GameJamSpring2018/Saved/Gold6235129C48A36E31C51BBB8E58C2D4F0.tmp' to 'E:/GameJams/GameJamSpring2018/Content/TopDownBP/Objects/Gold.uasset'
[2018.04.06-04.11.31:831][689]LogSavePackage: Display: Finished SavePackage E:/GameJams/GameJamSpring2018/Content/TopDownBP/Objects/Gold.uasset
[2018.04.06-04.11.32:036][689]Cmd: OBJ SAVEPACKAGE PACKAGE="/Game/TopDownBP/Objects/Shape" FILE="E:/GameJams/GameJamSpring2018/Content/TopDownBP/Objects/Shape.uasset" SILENT=true
[2018.04.06-04.11.32:049][689]LogSavePackage: Save=11.25ms
[2018.04.06-04.11.32:049][689]LogSavePackage: Moving 'E:/GameJams/GameJamSpring2018/Saved/ShapeDC9A69834B874AD1CF4A34A1252AD414.tmp' to 'E:/GameJams/GameJamSpring2018/Content/TopDownBP/Objects/Shape.uasset'
[2018.04.06-04.11.32:050][689]LogSavePackage: Display: Finished SavePackage E:/GameJams/GameJamSpring2018/Content/TopDownBP/Objects/Shape.uasset
[2018.04.06-04.11.35:406][ 46]SourceControl: fatal: C:/Program Files/Epic Games/UE_4.19/Engine/Content: 'C:/Program Files/Epic Games/UE_4.19/Engine/Content' is outside repository
[2018.04.06-04.11.48:955][ 46]LogSlate: Window 'Submit Files' being destroyed
[2018.04.06-04.11.50:571][ 46]LogSourceControl: commit successful: [master e51c04d] Modified and added assets as a test.
[2018.04.06-04.11.50:752][ 46]SourceControl: [master e51c04d] Modified and added assets as a test.
[2018.04.06-04.11.50:752][ 46]SourceControl:  5 files changed, 0 insertions(+), 0 deletions(-)
[2018.04.06-04.11.50:752][ 46]SourceControl:  rewrite Content/TopDownBP/Maps/TopDownExampleMap_BuiltData.uasset (66%)
[2018.04.06-04.11.50:752][ 46]SourceControl:  create mode 100644 Content/TopDownBP/Objects/Gold.uasset
[2018.04.06-04.11.50:752][ 46]SourceControl:  create mode 100644 Content/TopDownBP/Objects/Shape.uasset
[2018.04.06-04.11.50:752][ 46]SourceControl:  delete mode 100644 Content/TopDownBP/TopDownOverview.uasset
[2018.04.06-04.11.50:763][ 46]SourceControl: Commited [master e51c04d] Modified and added assets as a test..
[2018.04.06-04.12.10:105][527]LogSlate: Window 'TopDownRPG - Unreal Editor' being destroyed
[2018.04.06-04.12.10:105][527]LogWindowsTextInputMethodSystem: Display: IME system now deactivated.
[2018.04.06-04.12.10:267][528]Cmd: QUIT_EDITOR
[2018.04.06-04.12.10:291][528]LogSlate: Slate User Destroyed.  User Index 0, Is Virtual User: 0
[2018.04.06-04.12.10:291][528]LogExit: Preparing to exit.
[2018.04.06-04.12.10:946][528]LogExit: Editor shut down
[2018.04.06-04.12.10:948][528]LogExit: Transaction tracking system shut down
[2018.04.06-04.12.11:087][528]LogDirectoryWatcher: A directory notification for '../../../Engine/Content/' was aborted.
[2018.04.06-04.12.11:087][528]LogDirectoryWatcher: A directory notification for 'E:/GameJams/GameJamSpring2018/Content/' was aborted.
[2018.04.06-04.12.11:088][528]LogDirectoryWatcher: A directory notification for '../../Plugins/2D/Paper2D/Content/' was aborted.
[2018.04.06-04.12.11:088][528]LogDirectoryWatcher: A directory notification for '../../Plugins/Enterprise/DatasmithContent/Content/' was aborted.
[2018.04.06-04.12.11:088][528]LogDirectoryWatcher: A directory notification for '../../Plugins/Media/MediaCompositing/Content/' was aborted.
[2018.04.06-04.12.11:088][528]LogDirectoryWatcher: A directory notification for '../../Plugins/Runtime/AppleARKit/Content/' was aborted.
[2018.04.06-04.12.11:088][528]LogDirectoryWatcher: A directory notification for '../../Plugins/Runtime/Oculus/OculusVR/Content/' was aborted.
[2018.04.06-04.12.11:088][528]LogDirectoryWatcher: A directory notification for '../../Plugins/Runtime/Steam/SteamVR/Content/' was aborted.
[2018.04.06-04.12.11:140][528]LogExit: Object subsystem successfully closed.
[2018.04.06-04.12.11:160][528]LogShaderCompilers: Display: Shaders left to compile 0
[2018.04.06-04.12.11:163][528]LogD3D11RHI: Shutdown
[2018.04.06-04.12.11:164][528]LogD3D11RHI: CleanupD3DDevice
[2018.04.06-04.12.11:167][528]LogD3D11RHI: ~FD3D11DynamicRHI
[2018.04.06-04.12.11:181][528]LogModuleManager: Shutting down and abandoning module HierarchicalLODUtilities (576)
[2018.04.06-04.12.11:181][528]LogModuleManager: Shutting down and abandoning module HierarchicalLODOutliner (574)
[2018.04.06-04.12.11:181][528]LogModuleManager: Shutting down and abandoning module SceneOutliner (572)
[2018.04.06-04.12.11:181][528]LogModuleManager: Shutting down and abandoning module AddContentDialog (570)
[2018.04.06-04.12.11:181][528]LogDirectoryWatcher: A directory notification for 'C:/Program Files/Epic Games/UE_4.19/FeaturePacks/' was aborted.
[2018.04.06-04.12.11:182][528]LogModuleManager: Shutting down and abandoning module WidgetCarousel (569)
[2018.04.06-04.12.11:182][528]LogModuleManager: Shutting down and abandoning module EditorWidgets (566)
[2018.04.06-04.12.11:182][528]LogModuleManager: Shutting down and abandoning module CollectionManager (564)
[2018.04.06-04.12.11:182][528]LogDirectoryWatcher: A directory notification for 'E:/GameJams/GameJamSpring2018/Content/Collections/' was aborted.
[2018.04.06-04.12.11:182][528]LogDirectoryWatcher: A directory notification for 'E:/GameJams/GameJamSpring2018/Content/Developers/Jason/Collections/' was aborted.
[2018.04.06-04.12.11:182][528]LogDirectoryWatcher: A directory notification for 'E:/GameJams/GameJamSpring2018/Saved/Collections/' was aborted.
[2018.04.06-04.12.11:182][528]LogModuleManager: Shutting down and abandoning module StatsViewer (562)
[2018.04.06-04.12.11:182][528]LogModuleManager: Shutting down and abandoning module FoliageEdit (560)
[2018.04.06-04.12.11:182][528]LogModuleManager: Shutting down and abandoning module LandscapeEditor (558)
[2018.04.06-04.12.11:182][528]LogModuleManager: Shutting down and abandoning module MeshPaintMode (556)
[2018.04.06-04.12.11:182][528]LogModuleManager: Shutting down and abandoning module SceneDepthPickerMode (554)
[2018.04.06-04.12.11:182][528]LogModuleManager: Shutting down and abandoning module ActorPickerMode (552)
[2018.04.06-04.12.11:182][528]LogModuleManager: Shutting down and abandoning module GeometryMode (550)
[2018.04.06-04.12.11:182][528]LogModuleManager: Shutting down and abandoning module TextureAlignMode (548)
[2018.04.06-04.12.11:182][528]LogModuleManager: Shutting down and abandoning module BspMode (546)
[2018.04.06-04.12.11:182][528]LogModuleManager: Shutting down and abandoning module PIEPreviewDeviceProfileSelector (544)
[2018.04.06-04.12.11:182][528]LogModuleManager: Shutting down and abandoning module HardwareSurvey (542)
[2018.04.06-04.12.11:182][528]LogModuleManager: Shutting down and abandoning module SequenceRecorderSections (540)
[2018.04.06-04.12.11:182][528]LogModuleManager: Shutting down and abandoning module AutomationWorker (538)
[2018.04.06-04.12.11:182][528]LogModuleManager: Shutting down and abandoning module AudioCaptureEditor (536)
[2018.04.06-04.12.11:182][528]LogModuleManager: Shutting down and abandoning module SequenceRecorder (535)
[2018.04.06-04.12.11:182][528]LogModuleManager: Shutting down and abandoning module MatineeToLevelSequence (532)
[2018.04.06-04.12.11:182][528]LogModuleManager: Shutting down and abandoning module LevelSequenceEditor (530)
[2018.04.06-04.12.11:182][528]LogModuleManager: Shutting down and abandoning module PlacementMode (529)
[2018.04.06-04.12.11:182][528]LogModuleManager: Shutting down and abandoning module MaterialEditor (528)
[2018.04.06-04.12.11:182][528]LogModuleManager: Shutting down and abandoning module WmfMediaFactory (524)
[2018.04.06-04.12.11:182][528]LogModuleManager: Shutting down and abandoning module WmfMediaEditor (522)
[2018.04.06-04.12.11:182][528]LogModuleManager: Shutting down and abandoning module MediaPlayerEditor (520)
[2018.04.06-04.12.11:182][528]LogModuleManager: Shutting down and abandoning module OpenExrWrapper (518)
[2018.04.06-04.12.11:182][528]LogModuleManager: Shutting down and abandoning module ImgMediaFactory (516)
[2018.04.06-04.12.11:182][528]LogModuleManager: Shutting down and abandoning module ImgMediaEditor (514)
[2018.04.06-04.12.11:182][528]LogModuleManager: Shutting down and abandoning module AvfMediaFactory (512)
[2018.04.06-04.12.11:182][528]LogModuleManager: Shutting down and abandoning module AvfMediaEditor (510)
[2018.04.06-04.12.11:182][528]LogModuleManager: Shutting down and abandoning module AndroidMediaFactory (508)
[2018.04.06-04.12.11:182][528]LogModuleManager: Shutting down and abandoning module AndroidMediaEditor (506)
[2018.04.06-04.12.11:182][528]LogModuleManager: Shutting down and abandoning module CharacterAI (504)
[2018.04.06-04.12.11:182][528]LogModuleManager: Shutting down and abandoning module SmartSnapping (502)
[2018.04.06-04.12.11:182][528]LogModuleManager: Shutting down and abandoning module SessionServices (500)
[2018.04.06-04.12.11:182][528]LogModuleManager: Shutting down and abandoning module ViewportSnapping (498)
[2018.04.06-04.12.11:182][528]LogModuleManager: Shutting down and abandoning module ViewportInteraction (496)
[2018.04.06-04.12.11:182][528]LogModuleManager: Shutting down and abandoning module ClothPainter (494)
[2018.04.06-04.12.11:183][528]LogModuleManager: Shutting down and abandoning module SkeletalMeshEditor (493)
[2018.04.06-04.12.11:183][528]LogModuleManager: Shutting down and abandoning module LogVisualizer (490)
[2018.04.06-04.12.11:183][528]LogModuleManager: Shutting down and abandoning module IntroTutorials (488)
[2018.04.06-04.12.11:183][528]LogModuleManager: Shutting down and abandoning module GameProjectGeneration (487)
[2018.04.06-04.12.11:183][528]LogModuleManager: Shutting down and abandoning module IOSPlatformEditor (484)
[2018.04.06-04.12.11:183][528]LogModuleManager: Shutting down and abandoning module HTML5PlatformEditor (482)
[2018.04.06-04.12.11:183][528]LogModuleManager: Shutting down and abandoning module AndroidPlatformEditor (480)
[2018.04.06-04.12.11:183][528]LogModuleManager: Shutting down and abandoning module AndroidDeviceDetection (479)
[2018.04.06-04.12.11:817][528]LogModuleManager: Shutting down and abandoning module WindowsPlatformEditor (476)
[2018.04.06-04.12.11:817][528]LogModuleManager: Shutting down and abandoning module IOSRuntimeSettings (474)
[2018.04.06-04.12.11:817][528]LogModuleManager: Shutting down and abandoning module AndroidRuntimeSettings (472)
[2018.04.06-04.12.11:817][528]LogModuleManager: Shutting down and abandoning module InputBindingEditor (470)
[2018.04.06-04.12.11:817][528]LogModuleManager: Shutting down and abandoning module MergeActors (468)
[2018.04.06-04.12.11:817][528]LogModuleManager: Shutting down and abandoning module LocalizationDashboard (466)
[2018.04.06-04.12.11:817][528]LogModuleManager: Shutting down and abandoning module LocalizationService (465)
[2018.04.06-04.12.11:817][528]LogModuleManager: Shutting down and abandoning module HardwareTargeting (462)
[2018.04.06-04.12.11:817][528]LogModuleManager: Shutting down and abandoning module DeviceProfileEditor (460)
[2018.04.06-04.12.11:817][528]LogModuleManager: Shutting down and abandoning module UndoHistory (458)
[2018.04.06-04.12.11:817][528]LogModuleManager: Shutting down and abandoning module XmlParser (456)
[2018.04.06-04.12.11:817][528]LogModuleManager: Shutting down and abandoning module Blutility (454)
[2018.04.06-04.12.11:817][528]LogModuleManager: Shutting down and abandoning module ProjectSettingsViewer (452)
[2018.04.06-04.12.11:817][528]LogModuleManager: Shutting down and abandoning module ProjectTargetPlatformEditor (451)
[2018.04.06-04.12.11:817][528]LogModuleManager: Shutting down and abandoning module EditorSettingsViewer (448)
[2018.04.06-04.12.11:817][528]LogModuleManager: Shutting down and abandoning module SettingsEditor (446)
[2018.04.06-04.12.11:817][528]LogModuleManager: Shutting down and abandoning module ProjectLauncher (444)
[2018.04.06-04.12.11:817][528]LogModuleManager: Shutting down and abandoning module SessionFrontend (442)
[2018.04.06-04.12.11:817][528]LogModuleManager: Shutting down and abandoning module ProfilerClient (440)
[2018.04.06-04.12.11:817][528]LogModuleManager: Shutting down and abandoning module DeviceManager (438)
[2018.04.06-04.12.11:817][528]LogModuleManager: Shutting down and abandoning module TargetDeviceServices (437)
[2018.04.06-04.12.11:891][528]LogModuleManager: Shutting down and abandoning module AutomationController (434)
[2018.04.06-04.12.11:891][528]LogModuleManager: Shutting down and abandoning module AutomationWindow (432)
[2018.04.06-04.12.11:891][528]LogModuleManager: Shutting down and abandoning module Layers (430)
[2018.04.06-04.12.11:891][528]LogModuleManager: Shutting down and abandoning module ComponentVisualizers (428)
[2018.04.06-04.12.11:891][528]LogModuleManager: Shutting down and abandoning module DetailCustomizations (426)
[2018.04.06-04.12.11:891][528]LogModuleManager: Shutting down and abandoning module PackagesDialog (424)
[2018.04.06-04.12.11:891][528]LogModuleManager: Shutting down and abandoning module Persona (422)
[2018.04.06-04.12.11:891][528]LogModuleManager: Shutting down and abandoning module AdvancedPreviewScene (421)
[2018.04.06-04.12.11:891][528]LogModuleManager: Shutting down and abandoning module AnimGraph (419)
[2018.04.06-04.12.11:891][528]LogModuleManager: Shutting down and abandoning module Kismet (416)
[2018.04.06-04.12.11:891][528]LogModuleManager: Shutting down and abandoning module GraphEditor (414)
[2018.04.06-04.12.11:891][528]LogModuleManager: Shutting down and abandoning module ClassViewer (412)
[2018.04.06-04.12.11:891][528]LogModuleManager: Shutting down and abandoning module Toolbox (410)
[2018.04.06-04.12.11:891][528]LogModuleManager: Shutting down and abandoning module ModuleUI (408)
[2018.04.06-04.12.11:891][528]LogModuleManager: Shutting down and abandoning module MovieSceneTools (406)
[2018.04.06-04.12.11:891][528]LogModuleManager: Shutting down and abandoning module OutputLog (404)
[2018.04.06-04.12.11:891][528]LogModuleManager: Shutting down and abandoning module GammaUI (402)
[2018.04.06-04.12.11:891][528]LogModuleManager: Shutting down and abandoning module Documentation (400)
[2018.04.06-04.12.11:891][528]LogModuleManager: Shutting down and abandoning module MovieSceneTracks (398)
[2018.04.06-04.12.11:891][528]LogModuleManager: Shutting down and abandoning module MovieScene (396)
[2018.04.06-04.12.11:891][528]LogModuleManager: Shutting down and abandoning module StreamingPauseRendering (394)
[2018.04.06-04.12.11:891][528]LogModuleManager: Shutting down and abandoning module LauncherPlatform (392)
[2018.04.06-04.12.11:891][528]LogModuleManager: Shutting down and abandoning module AnalyticsET (390)
[2018.04.06-04.12.11:891][528]LogModuleManager: Shutting down and abandoning module PortalServices (388)
[2018.04.06-04.12.11:892][528]LogModuleManager: Shutting down and abandoning module PortalRpc (386)
[2018.04.06-04.12.11:892][528]LogModuleManager: Shutting down and abandoning module MessagingRpc (384)
[2018.04.06-04.12.11:892][528]LogModuleManager: Shutting down and abandoning module AIModule (382)
[2018.04.06-04.12.11:892][528]LogModuleManager: Shutting down and abandoning module GameplayDebugger (381)
[2018.04.06-04.12.11:892][528]LogModuleManager: Shutting down and abandoning module AITestSuite (379)
[2018.04.06-04.12.11:892][528]LogModuleManager: Shutting down and abandoning module DesktopPlatform (376)
[2018.04.06-04.12.11:892][528]LogModuleManager: Shutting down and abandoning module ProfilerService (374)
[2018.04.06-04.12.12:025][528]LogModuleManager: Shutting down and abandoning module TaskGraph (372)
[2018.04.06-04.12.12:025][528]LogModuleManager: Shutting down and abandoning module SteamVRController (370)
[2018.04.06-04.12.12:025][528]LogModuleManager: Shutting down and abandoning module ProceduralMeshComponentEditor (368)
[2018.04.06-04.12.12:025][528]LogModuleManager: Shutting down and abandoning module ProceduralMeshComponent (366)
[2018.04.06-04.12.12:025][528]LogModuleManager: Shutting down and abandoning module OculusInput (364)
[2018.04.06-04.12.12:025][528]LogModuleManager: Shutting down and abandoning module MobilePatchingUtils (362)
[2018.04.06-04.12.12:025][528]LogModuleManager: Shutting down and abandoning module CustomMeshComponent (360)
[2018.04.06-04.12.12:025][528]LogModuleManager: Shutting down and abandoning module CableComponent (358)
[2018.04.06-04.12.12:025][528]LogModuleManager: Shutting down and abandoning module AudioCapture (356)
[2018.04.06-04.12.12:025][528]LogModuleManager: Shutting down and abandoning module ArchVisCharacter (354)
[2018.04.06-04.12.12:025][528]LogModuleManager: Shutting down and abandoning module AndroidPermission (352)
[2018.04.06-04.12.12:025][528]LogModuleManager: Shutting down and abandoning module NUTUnrealEngine4 (348)
[2018.04.06-04.12.12:025][528]LogModuleManager: Shutting down and abandoning module NetcodeUnitTest (346)
[2018.04.06-04.12.12:025][528]LogModuleManager: Shutting down and abandoning module MediaCompositingEditor (344)
[2018.04.06-04.12.12:025][528]LogModuleManager: Shutting down and abandoning module MediaCompositing (342)
[2018.04.06-04.12.12:025][528]LogModuleManager: Shutting down and abandoning module LinearTimecode (340)
[2018.04.06-04.12.12:025][528]LogModuleManager: Shutting down and abandoning module ImgMedia (338)
[2018.04.06-04.12.12:027][528]LogModuleManager: Shutting down and abandoning module HTML5Networking (336)
[2018.04.06-04.12.12:027][528]LogModuleManager: Shutting down and abandoning module AlembicImporter (334)
[2018.04.06-04.12.12:027][528]LogModuleManager: Shutting down and abandoning module AlembicLibrary (333)
[2018.04.06-04.12.12:027][528]LogModuleManager: Shutting down and abandoning module GeometryCache (332)
[2018.04.06-04.12.12:027][528]LogModuleManager: Shutting down and abandoning module GeometryCacheEd (331)
[2018.04.06-04.12.12:027][528]LogModuleManager: Shutting down and abandoning module DatasmithContent (326)
[2018.04.06-04.12.12:027][528]LogModuleManager: Shutting down and abandoning module SpeedTreeImporter (324)
[2018.04.06-04.12.12:027][528]LogModuleManager: Shutting down and abandoning module PluginBrowser (322)
[2018.04.06-04.12.12:027][528]LogModuleManager: Shutting down and abandoning module MobileLauncherProfileWizard (320)
[2018.04.06-04.12.12:027][528]LogModuleManager: Shutting down and abandoning module CryptoKeysOpenSSL (318)
[2018.04.06-04.12.12:027][528]LogModuleManager: Shutting down and abandoning module CryptoKeys (316)
[2018.04.06-04.12.12:027][528]LogModuleManager: Shutting down and abandoning module VisualStudioSourceCodeAccess (314)
[2018.04.06-04.12.12:027][528]LogModuleManager: Shutting down and abandoning module VisualStudioCodeSourceCodeAccess (312)
[2018.04.06-04.12.12:027][528]LogModuleManager: Shutting down and abandoning module UObjectPlugin (310)
[2018.04.06-04.12.12:027][528]LogModuleManager: Shutting down and abandoning module SubversionSourceControl (308)
[2018.04.06-04.12.12:027][528]LogModuleManager: Shutting down and abandoning module PerforceSourceControl (306)
[2018.04.06-04.12.12:027][528]LogModuleManager: Shutting down and abandoning module GitSourceControl (304)
[2018.04.06-04.12.12:027][528]LogModuleManager: Shutting down and abandoning module SourceControl (303)
[2018.04.06-04.12.12:027][528]LogModuleManager: Shutting down and abandoning module CLionSourceCodeAccess (300)
[2018.04.06-04.12.12:027][528]LogModuleManager: Shutting down and abandoning module LightPropagationVolumeEditor (298)
[2018.04.06-04.12.12:027][528]LogModuleManager: Shutting down and abandoning module PaperTiledImporter (296)
[2018.04.06-04.12.12:027][528]LogModuleManager: Shutting down and abandoning module PaperSpriteSheetImporter (294)
[2018.04.06-04.12.12:027][528]LogModuleManager: Shutting down and abandoning module Paper2DEditor (292)
[2018.04.06-04.12.12:027][528]LogModuleManager: Shutting down and abandoning module MeshPaint (291)
[2018.04.06-04.12.12:027][528]LogModuleManager: Shutting down and abandoning module RuntimePhysXCooking (288)
[2018.04.06-04.12.12:027][528]LogModuleManager: Shutting down and abandoning module PhysXVehiclesEditor (286)
[2018.04.06-04.12.12:027][528]LogModuleManager: Shutting down and abandoning module PhysXVehicles (284)
[2018.04.06-04.12.12:027][528]LogModuleManager: Shutting down and abandoning module OculusEditor (282)
[2018.04.06-04.12.12:028][528]LogModuleManager: Shutting down and abandoning module LocationServicesBPLibrary (280)
[2018.04.06-04.12.12:028][528]LogModuleManager: Shutting down and abandoning module ImmediatePhysicsEditor (278)
[2018.04.06-04.12.12:028][528]LogModuleManager: Shutting down and abandoning module ImmediatePhysics (276)
[2018.04.06-04.12.12:028][528]LogModuleManager: Shutting down and abandoning module ActorSequence (274)
[2018.04.06-04.12.12:028][528]LogModuleManager: Shutting down and abandoning module UdpMessaging (272)
[2018.04.06-04.12.12:128][528]LogModuleManager: Shutting down and abandoning module TcpMessaging (270)
[2018.04.06-04.12.12:228][528]LogModuleManager: Shutting down and abandoning module GameplayTagsEditor (268)
[2018.04.06-04.12.12:228][528]LogModuleManager: Shutting down and abandoning module FacialAnimationEditor (266)
[2018.04.06-04.12.12:228][528]LogModuleManager: Shutting down and abandoning module FacialAnimation (264)
[2018.04.06-04.12.12:228][528]LogModuleManager: Shutting down and abandoning module DataValidation (262)
[2018.04.06-04.12.12:228][528]LogModuleManager: Shutting down and abandoning module AssetManagerEditor (260)
[2018.04.06-04.12.12:228][528]LogModuleManager: Shutting down and abandoning module LevelEditor (259)
[2018.04.06-04.12.12:229][528]LogModuleManager: Shutting down and abandoning module PixelInspectorModule (258)
[2018.04.06-04.12.12:229][528]LogModuleManager: Shutting down and abandoning module CommonMenuExtensions (256)
[2018.04.06-04.12.12:229][528]LogModuleManager: Shutting down and abandoning module MainFrame (254)
[2018.04.06-04.12.12:229][528]LogModuleManager: Shutting down and abandoning module HotReload (253)
[2018.04.06-04.12.12:229][528]LogModuleManager: Shutting down and abandoning module ContentBrowser (249)
[2018.04.06-04.12.12:230][528]LogModuleManager: Shutting down and abandoning module TreeMap (247)
[2018.04.06-04.12.12:230][528]LogModuleManager: Shutting down and abandoning module LightPropagationVolumeRuntime (244)
[2018.04.06-04.12.12:230][528]LogModuleManager: Shutting down and abandoning module LiveLinkEditor (242)
[2018.04.06-04.12.12:230][528]LogModuleManager: Shutting down and abandoning module LiveLink (240)
[2018.04.06-04.12.12:316][528]LogModuleManager: Shutting down and abandoning module Paper2D (238)
[2018.04.06-04.12.12:316][528]LogModuleManager: Shutting down and abandoning module WindowsMoviePlayer (236)
[2018.04.06-04.12.12:316][528]LogModuleManager: Shutting down and abandoning module WmfMedia (234)
[2018.04.06-04.12.12:316][528]LogModuleManager: Shutting down and abandoning module PacketHandler (232)
[2018.04.06-04.12.12:316][528]LogModuleManager: Shutting down and abandoning module ClothingSystemEditor (230)
[2018.04.06-04.12.12:316][528]LogModuleManager: Shutting down and abandoning module ClothingSystemRuntime (228)
[2018.04.06-04.12.12:316][528]LogModuleManager: Shutting down and abandoning module MediaAssets (226)
[2018.04.06-04.12.12:317][528]LogModuleManager: Shutting down and abandoning module Media (225)
[2018.04.06-04.12.12:322][528]LogModuleManager: Shutting down and abandoning module Overlay (222)
[2018.04.06-04.12.12:322][528]LogModuleManager: Shutting down and abandoning module OverlayEditor (221)
[2018.04.06-04.12.12:322][528]LogModuleManager: Shutting down and abandoning module VREditor (218)
[2018.04.06-04.12.12:322][528]LogModuleManager: Shutting down and abandoning module StringTableEditor (216)
[2018.04.06-04.12.12:322][528]LogModuleManager: Shutting down and abandoning module GameplayTasksEditor (214)
[2018.04.06-04.12.12:322][528]LogModuleManager: Shutting down and abandoning module BehaviorTreeEditor (212)
[2018.04.06-04.12.12:322][528]LogModuleManager: Shutting down and abandoning module FunctionalTesting (210)
[2018.04.06-04.12.12:322][528]LogModuleManager: Shutting down and abandoning module CollisionAnalyzer (208)
[2018.04.06-04.12.12:322][528]LogModuleManager: Shutting down and abandoning module WorkspaceMenuStructure (207)
[2018.04.06-04.12.12:322][528]LogModuleManager: Shutting down and abandoning module UMG (204)
[2018.04.06-04.12.12:322][528]LogModuleManager: Shutting down and abandoning module UMGEditor (203)
[2018.04.06-04.12.12:323][528]LogModuleManager: Shutting down and abandoning module Sequencer (202)
[2018.04.06-04.12.12:323][528]LogModuleManager: Shutting down and abandoning module MessageLog (199)
[2018.04.06-04.12.12:323][528]LogModuleManager: Shutting down and abandoning module SlateReflector (194)
[2018.04.06-04.12.12:323][528]LogModuleManager: Shutting down and abandoning module Slate (192)
[2018.04.06-04.12.12:323][528]LogModuleManager: Shutting down and abandoning module EditorStyle (190)
[2018.04.06-04.12.12:324][528]LogModuleManager: Shutting down and abandoning module MRMesh (188)
[2018.04.06-04.12.12:324][528]LogModuleManager: Shutting down and abandoning module SourceCodeAccess (186)
[2018.04.06-04.12.12:324][528]LogModuleManager: Shutting down and abandoning module HeadMountedDisplay (184)
[2018.04.06-04.12.12:324][528]LogModuleManager: Shutting down and abandoning module XAudio2 (182)
[2018.04.06-04.12.12:324][528]LogModuleManager: Shutting down and abandoning module Networking (180)
[2018.04.06-04.12.12:324][528]LogModuleManager: Shutting down and abandoning module Core (178)
[2018.04.06-04.12.12:324][528]LogModuleManager: Shutting down and abandoning module LevelSequence (176)
[2018.04.06-04.12.12:324][528]LogModuleManager: Shutting down and abandoning module KismetCompiler (174)
[2018.04.06-04.12.12:324][528]LogModuleManager: Shutting down and abandoning module MeshUtilities (172)
[2018.04.06-04.12.12:324][528]LogModuleManager: Shutting down and abandoning module MeshMergeUtilities (171)
[2018.04.06-04.12.12:324][528]LogModuleManager: Shutting down and abandoning module MeshReductionInterface (170)
[2018.04.06-04.12.12:324][528]LogModuleManager: Shutting down and abandoning module SimplygonSwarm (169)
[2018.04.06-04.12.12:324][528]LogModuleManager: Shutting down and abandoning module SimplygonMeshReduction (167)
[2018.04.06-04.12.12:324][528]LogModuleManager: Shutting down and abandoning module QuadricMeshReduction (165)
[2018.04.06-04.12.12:324][528]LogModuleManager: Shutting down and abandoning module MaterialBaking (161)
[2018.04.06-04.12.12:324][528]LogModuleManager: Shutting down and abandoning module DirectoryWatcher (157)
[2018.04.06-04.12.12:325][528]LogModuleManager: Shutting down and abandoning module DerivedDataCache (154)
[2018.04.06-04.12.12:411][528]LogDerivedDataCache: Shutdown
[2018.04.06-04.12.12:411][528]LogModuleManager: Shutting down and abandoning module XGEController (152)
[2018.04.06-04.12.12:411][528]LogXGEController: Cleaning working directory: C:/Users/Jason/AppData/Local/Temp/UnrealXGEWorkingDir/
[2018.04.06-04.12.12:411][528]LogModuleManager: Shutting down and abandoning module TargetPlatform (150)
[2018.04.06-04.12.12:411][528]LogModuleManager: Shutting down and abandoning module VulkanShaderFormat (149)
[2018.04.06-04.12.12:411][528]LogModuleManager: Shutting down and abandoning module ShaderFormatVectorVM (147)
[2018.04.06-04.12.12:411][528]LogModuleManager: Shutting down and abandoning module ShaderFormatOpenGL (145)
[2018.04.06-04.12.12:411][528]LogModuleManager: Shutting down and abandoning module ShaderFormatD3D (143)
[2018.04.06-04.12.12:411][528]LogModuleManager: Shutting down and abandoning module MetalShaderFormat (141)
[2018.04.06-04.12.12:411][528]LogModuleManager: Shutting down and abandoning module TextureFormatUncompressed (139)
[2018.04.06-04.12.12:411][528]LogModuleManager: Shutting down and abandoning module TextureFormatPVR (137)
[2018.04.06-04.12.12:411][528]LogModuleManager: Shutting down and abandoning module TextureFormatDXT (135)
[2018.04.06-04.12.12:411][528]LogModuleManager: Shutting down and abandoning module TextureFormatIntelISPCTexComp (133)
[2018.04.06-04.12.12:411][528]LogModuleManager: Shutting down and abandoning module TextureFormatASTC (131)
[2018.04.06-04.12.12:411][528]LogModuleManager: Shutting down and abandoning module ImageWrapper (130)
[2018.04.06-04.12.12:411][528]LogModuleManager: Shutting down and abandoning module TextureFormatAndroid (127)
[2018.04.06-04.12.12:411][528]LogModuleManager: Shutting down and abandoning module AudioFormatOpus (125)
[2018.04.06-04.12.12:411][528]LogModuleManager: Shutting down and abandoning module AudioFormatOgg (123)
[2018.04.06-04.12.12:411][528]LogModuleManager: Shutting down and abandoning module AudioFormatADPCM (121)
[2018.04.06-04.12.12:412][528]LogModuleManager: Shutting down and abandoning module LinuxTargetPlatform (119)
[2018.04.06-04.12.12:412][528]LogModuleManager: Shutting down and abandoning module LinuxServerTargetPlatform (117)
[2018.04.06-04.12.12:412][528]LogModuleManager: Shutting down and abandoning module LinuxNoEditorTargetPlatform (115)
[2018.04.06-04.12.12:412][528]LogModuleManager: Shutting down and abandoning module LinuxClientTargetPlatform (113)
[2018.04.06-04.12.12:412][528]LogModuleManager: Shutting down and abandoning module TVOSTargetPlatform (111)
[2018.04.06-04.12.12:412][528]LogModuleManager: Shutting down and abandoning module Messaging (109)
[2018.04.06-04.12.12:412][528]LogModuleManager: Shutting down and abandoning module IOSTargetPlatform (107)
[2018.04.06-04.12.12:412][528]LogModuleManager: Shutting down and abandoning module HTML5TargetPlatform (105)
[2018.04.06-04.12.12:412][528]LogModuleManager: Shutting down and abandoning module AndroidTargetPlatform (103)
[2018.04.06-04.12.12:412][528]LogModuleManager: Shutting down and abandoning module Android_PVRTCTargetPlatform (101)
[2018.04.06-04.12.12:412][528]LogModuleManager: Shutting down and abandoning module Android_MultiTargetPlatform (99)
[2018.04.06-04.12.12:412][528]LogModuleManager: Shutting down and abandoning module Android_ETC2TargetPlatform (97)
[2018.04.06-04.12.12:412][528]LogModuleManager: Shutting down and abandoning module Android_ETC1TargetPlatform (95)
[2018.04.06-04.12.12:412][528]LogModuleManager: Shutting down and abandoning module Android_ETC1aTargetPlatform (93)
[2018.04.06-04.12.12:412][528]LogModuleManager: Shutting down and abandoning module Android_DXTTargetPlatform (91)
[2018.04.06-04.12.12:412][528]LogModuleManager: Shutting down and abandoning module Android_ATCTargetPlatform (89)
[2018.04.06-04.12.12:412][528]LogModuleManager: Shutting down and abandoning module Android_ASTCTargetPlatform (87)
[2018.04.06-04.12.12:412][528]LogModuleManager: Shutting down and abandoning module WindowsTargetPlatform (85)
[2018.04.06-04.12.12:412][528]LogModuleManager: Shutting down and abandoning module WindowsServerTargetPlatform (83)
[2018.04.06-04.12.12:412][528]LogModuleManager: Shutting down and abandoning module WindowsNoEditorTargetPlatform (81)
[2018.04.06-04.12.12:412][528]LogModuleManager: Shutting down and abandoning module WindowsClientTargetPlatform (79)
[2018.04.06-04.12.12:412][528]LogModuleManager: Shutting down and abandoning module MacTargetPlatform (77)
[2018.04.06-04.12.12:412][528]LogModuleManager: Shutting down and abandoning module MacServerTargetPlatform (75)
[2018.04.06-04.12.12:412][528]LogModuleManager: Shutting down and abandoning module MacNoEditorTargetPlatform (73)
[2018.04.06-04.12.12:412][528]LogModuleManager: Shutting down and abandoning module MacClientTargetPlatform (71)
[2018.04.06-04.12.12:412][528]LogModuleManager: Shutting down and abandoning module AllDesktopTargetPlatform (69)
[2018.04.06-04.12.12:412][528]LogModuleManager: Shutting down and abandoning module InputCore (66)
[2018.04.06-04.12.12:412][528]LogModuleManager: Shutting down and abandoning module Settings (64)
[2018.04.06-04.12.12:412][528]LogModuleManager: Shutting down and abandoning module PhysXCooking (62)
[2018.04.06-04.12.12:412][528]LogModuleManager: Shutting down and abandoning module SteamVR (60)
[2018.04.06-04.12.12:412][528]LogModuleManager: Shutting down and abandoning module OculusHMD (58)
[2018.04.06-04.12.12:412][528]LogModuleManager: Shutting down and abandoning module ExampleDeviceProfileSelector (56)
[2018.04.06-04.12.12:412][528]LogModuleManager: Shutting down and abandoning module AppleARKit (54)
[2018.04.06-04.12.12:412][528]LogModuleManager: Shutting down and abandoning module AugmentedReality (51)
[2018.04.06-04.12.12:412][528]LogModuleManager: Shutting down and abandoning module OnlineBlueprintSupport (48)
[2018.04.06-04.12.12:412][528]LogModuleManager: Shutting down and abandoning module OnlineSubsystem (44)
[2018.04.06-04.12.12:412][528]LogModuleManager: Shutting down and abandoning module XMPP (43)
[2018.04.06-04.12.12:412][528]LogModuleManager: Shutting down and abandoning module HTTP (41)
[2018.04.06-04.12.12:412][528]LogHttp: Display: Http module shutting down, but needs to wait on 1 outstanding Http requests:
[2018.04.06-04.12.12:412][528]LogHttp: Display: 	verb=[POST] url=[https://datarouter.ol.epicgames.com/datarouter/api/v1/public/data?SessionID=%7B5DB0EED3-4E90-24E9-16D8-5FB657CE3F6B%7D&AppID=UEEditor.Rocket.Release&AppVersion=4.19.0-3944462%2B%2B%2BUE4%2BRelease-4.19&UserID=3a3b3e16401a9e7c892cdfa2356dffd3%7Cd03da1c8853e40c987e95c2ac5f10a88%7Ccaf55c99-985e-4fca-95af-26734a9c68ba&AppEnvironment=datacollector-binary&UploadType=eteventstream] status=Processing
[2018.04.06-04.12.12:432][528]LogModuleManager: Shutting down and abandoning module SSL (40)
[2018.04.06-04.12.12:433][528]LogModuleManager: Shutting down and abandoning module AnimationModifiers (36)
[2018.04.06-04.12.12:433][528]LogModuleManager: Shutting down and abandoning module PropertyEditor (35)
[2018.04.06-04.12.12:433][528]LogModuleManager: Shutting down and abandoning module AudioEditor (32)
[2018.04.06-04.12.12:433][528]LogModuleManager: Shutting down and abandoning module TextureCompressor (30)
[2018.04.06-04.12.12:433][528]LogModuleManager: Shutting down and abandoning module ShaderCore (28)
[2018.04.06-04.12.12:433][528]LogModuleManager: Shutting down and abandoning module Landscape (26)
[2018.04.06-04.12.12:433][528]LogModuleManager: Shutting down and abandoning module SlateRHIRenderer (24)
[2018.04.06-04.12.12:434][528]LogModuleManager: Shutting down and abandoning module OpenGLDrv (22)
[2018.04.06-04.12.12:434][528]LogModuleManager: Shutting down and abandoning module D3D11RHI (20)
[2018.04.06-04.12.12:434][528]LogModuleManager: Shutting down and abandoning module AnimGraphRuntime (18)
[2018.04.06-04.12.12:434][528]LogModuleManager: Shutting down and abandoning module Renderer (16)
[2018.04.06-04.12.12:434][528]LogModuleManager: Shutting down and abandoning module Engine (14)
[2018.04.06-04.12.12:434][528]LogModuleManager: Shutting down and abandoning module CoreUObject (12)
[2018.04.06-04.12.12:434][528]LogModuleManager: Shutting down and abandoning module NetworkFile (10)
[2018.04.06-04.12.12:434][528]LogModuleManager: Shutting down and abandoning module CookedIterativeFile (8)
[2018.04.06-04.12.12:434][528]LogModuleManager: Shutting down and abandoning module StreamingFile (6)
[2018.04.06-04.12.12:434][528]LogModuleManager: Shutting down and abandoning module SandboxFile (4)
[2018.04.06-04.12.12:434][528]LogModuleManager: Shutting down and abandoning module PakFile (2)
[2018.04.06-04.12.12:438][528]LogExit: Exiting.
[2018.04.06-04.12.12:447][528]Log file closed, 04/05/18 21:12:12
